{"/Users/csuftitan/Downloads/AdaptFitness/AdaptFitness/adaptfitness-backend/src/app.controller.ts": {"path":"/Users/csuftitan/Downloads/AdaptFitness/AdaptFitness/adaptfitness-backend/src/app.controller.ts","statementMap":{"0":{"start":{"line":13,"column":0},"end":{"line":13,"column":49}},"1":{"start":{"line":14,"column":0},"end":{"line":14,"column":43}},"2":{"start":{"line":18,"column":7},"end":{"line":74,"column":null}},"3":{"start":{"line":19,"column":31},"end":{"line":19,"column":43}},"4":{"start":{"line":42,"column":4},"end":{"line":42,"column":39}},"5":{"start":{"line":72,"column":4},"end":{"line":72,"column":40}},"6":{"start":{"line":18,"column":13},"end":{"line":18,"column":26}},"7":{"start":{"line":41,"column":2},"end":{"line":43,"column":null}},"8":{"start":{"line":71,"column":2},"end":{"line":73,"column":null}},"9":{"start":{"line":18,"column":13},"end":{"line":74,"column":null}}},"fnMap":{"0":{"name":"(anonymous_2)","decl":{"start":{"line":19,"column":2},"end":{"line":19,"column":31}},"loc":{"start":{"line":19,"column":53},"end":{"line":19,"column":57}}},"1":{"name":"(anonymous_3)","decl":{"start":{"line":41,"column":2},"end":{"line":41,"column":11}},"loc":{"start":{"line":41,"column":11},"end":{"line":43,"column":3}}},"2":{"name":"(anonymous_4)","decl":{"start":{"line":71,"column":2},"end":{"line":71,"column":12}},"loc":{"start":{"line":71,"column":12},"end":{"line":73,"column":3}}}},"branchMap":{},"s":{"0":0,"1":0,"2":0,"3":0,"4":0,"5":0,"6":0,"7":0,"8":0,"9":0},"f":{"0":0,"1":0,"2":0},"b":{}}
,"/Users/csuftitan/Downloads/AdaptFitness/AdaptFitness/adaptfitness-backend/src/app.module.ts": {"path":"/Users/csuftitan/Downloads/AdaptFitness/AdaptFitness/adaptfitness-backend/src/app.module.ts","statementMap":{"0":{"start":{"line":16,"column":0},"end":{"line":16,"column":40}},"1":{"start":{"line":17,"column":0},"end":{"line":17,"column":48}},"2":{"start":{"line":18,"column":0},"end":{"line":18,"column":46}},"3":{"start":{"line":19,"column":0},"end":{"line":19,"column":50}},"4":{"start":{"line":20,"column":0},"end":{"line":20,"column":40}},"5":{"start":{"line":21,"column":0},"end":{"line":21,"column":48}},"6":{"start":{"line":22,"column":0},"end":{"line":22,"column":48}},"7":{"start":{"line":23,"column":0},"end":{"line":23,"column":57}},"8":{"start":{"line":24,"column":0},"end":{"line":24,"column":48}},"9":{"start":{"line":25,"column":0},"end":{"line":25,"column":77}},"10":{"start":{"line":26,"column":0},"end":{"line":26,"column":49}},"11":{"start":{"line":27,"column":0},"end":{"line":27,"column":43}},"12":{"start":{"line":28,"column":0},"end":{"line":28,"column":61}},"13":{"start":{"line":81,"column":7},"end":{"line":81,"column":null}},"14":{"start":{"line":81,"column":13},"end":{"line":81,"column":22}},"15":{"start":{"line":81,"column":13},"end":{"line":81,"column":null}}},"fnMap":{},"branchMap":{"0":{"loc":{"start":{"line":41,"column":12},"end":{"line":41,"column":52}},"type":"binary-expr","locations":[{"start":{"line":41,"column":12},"end":{"line":41,"column":37}},{"start":{"line":41,"column":41},"end":{"line":41,"column":52}}]},"1":{"loc":{"start":{"line":42,"column":12},"end":{"line":42,"column":55}},"type":"binary-expr","locations":[{"start":{"line":42,"column":12},"end":{"line":42,"column":47}},{"start":{"line":42,"column":51},"end":{"line":42,"column":55}}]},"2":{"loc":{"start":{"line":43,"column":16},"end":{"line":43,"column":59}},"type":"binary-expr","locations":[{"start":{"line":43,"column":16},"end":{"line":43,"column":45}},{"start":{"line":43,"column":49},"end":{"line":43,"column":59}}]},"3":{"loc":{"start":{"line":44,"column":16},"end":{"line":44,"column":59}},"type":"binary-expr","locations":[{"start":{"line":44,"column":16},"end":{"line":44,"column":45}},{"start":{"line":44,"column":49},"end":{"line":44,"column":59}}]},"4":{"loc":{"start":{"line":45,"column":16},"end":{"line":45,"column":59}},"type":"binary-expr","locations":[{"start":{"line":45,"column":16},"end":{"line":45,"column":41}},{"start":{"line":45,"column":45},"end":{"line":45,"column":59}}]},"5":{"loc":{"start":{"line":60,"column":19},"end":{"line":60,"column":54}},"type":"binary-expr","locations":[{"start":{"line":60,"column":19},"end":{"line":60,"column":45}},{"start":{"line":60,"column":49},"end":{"line":60,"column":54}}]}},"s":{"0":0,"1":0,"2":0,"3":0,"4":0,"5":0,"6":0,"7":0,"8":0,"9":0,"10":0,"11":0,"12":0,"13":0,"14":0,"15":0},"f":{},"b":{"0":[0,0],"1":[0,0],"2":[0,0],"3":[0,0],"4":[0,0],"5":[0,0]}}
,"/Users/csuftitan/Downloads/AdaptFitness/AdaptFitness/adaptfitness-backend/src/app.service.ts": {"path":"/Users/csuftitan/Downloads/AdaptFitness/AdaptFitness/adaptfitness-backend/src/app.service.ts","statementMap":{"0":{"start":{"line":14,"column":0},"end":{"line":14,"column":44}},"1":{"start":{"line":18,"column":7},"end":{"line":69,"column":null}},"2":{"start":{"line":33,"column":4},"end":{"line":38,"column":6}},"3":{"start":{"line":55,"column":4},"end":{"line":67,"column":6}},"4":{"start":{"line":18,"column":13},"end":{"line":18,"column":23}},"5":{"start":{"line":18,"column":13},"end":{"line":69,"column":null}}},"fnMap":{"0":{"name":"(anonymous_1)","decl":{"start":{"line":32,"column":2},"end":{"line":32,"column":11}},"loc":{"start":{"line":32,"column":11},"end":{"line":39,"column":3}}},"1":{"name":"(anonymous_2)","decl":{"start":{"line":54,"column":2},"end":{"line":54,"column":12}},"loc":{"start":{"line":54,"column":12},"end":{"line":68,"column":3}}}},"branchMap":{},"s":{"0":1,"1":1,"2":1,"3":1,"4":1,"5":1},"f":{"0":1,"1":1},"b":{}}
,"/Users/csuftitan/Downloads/AdaptFitness/AdaptFitness/adaptfitness-backend/src/main.ts": {"path":"/Users/csuftitan/Downloads/AdaptFitness/AdaptFitness/adaptfitness-backend/src/main.ts","statementMap":{"0":{"start":{"line":16,"column":0},"end":{"line":16,"column":43}},"1":{"start":{"line":17,"column":0},"end":{"line":17,"column":48}},"2":{"start":{"line":18,"column":0},"end":{"line":18,"column":41}},"3":{"start":{"line":19,"column":0},"end":{"line":19,"column":62}},"4":{"start":{"line":36,"column":2},"end":{"line":36,"column":24}},"5":{"start":{"line":39,"column":14},"end":{"line":39,"column":49}},"6":{"start":{"line":43,"column":2},"end":{"line":48,"column":5}},"7":{"start":{"line":53,"column":2},"end":{"line":57,"column":6}},"8":{"start":{"line":60,"column":15},"end":{"line":60,"column":39}},"9":{"start":{"line":63,"column":2},"end":{"line":63,"column":25}},"10":{"start":{"line":66,"column":2},"end":{"line":66,"column":61}},"11":{"start":{"line":67,"column":2},"end":{"line":67,"column":66}},"12":{"start":{"line":71,"column":0},"end":{"line":71,"column":12}}},"fnMap":{"0":{"name":"bootstrap","decl":{"start":{"line":34,"column":15},"end":{"line":34,"column":24}},"loc":{"start":{"line":34,"column":24},"end":{"line":68,"column":1}}}},"branchMap":{"0":{"loc":{"start":{"line":45,"column":12},"end":{"line":45,"column":101}},"type":"binary-expr","locations":[{"start":{"line":45,"column":12},"end":{"line":45,"column":47}},{"start":{"line":45,"column":51},"end":{"line":45,"column":101}}]},"1":{"loc":{"start":{"line":45,"column":12},"end":{"line":45,"column":47}},"type":"cond-expr","locations":[{"start":{"line":45,"column":35},"end":{"line":45,"column":37}},{"start":{"line":45,"column":35},"end":{"line":45,"column":47}}]},"2":{"loc":{"start":{"line":45,"column":12},"end":{"line":45,"column":37}},"type":"binary-expr","locations":[{"start":{"line":45,"column":12},"end":{"line":45,"column":37}},{"start":{"line":45,"column":35},"end":{"line":45,"column":37}}]},"3":{"loc":{"start":{"line":60,"column":15},"end":{"line":60,"column":39}},"type":"binary-expr","locations":[{"start":{"line":60,"column":15},"end":{"line":60,"column":31}},{"start":{"line":60,"column":35},"end":{"line":60,"column":39}}]}},"s":{"0":0,"1":0,"2":0,"3":0,"4":0,"5":0,"6":0,"7":0,"8":0,"9":0,"10":0,"11":0,"12":0},"f":{"0":0},"b":{"0":[0,0],"1":[0,0],"2":[0,0],"3":[0,0]}}
,"/Users/csuftitan/Downloads/AdaptFitness/AdaptFitness/adaptfitness-backend/src/auth/auth.controller.ts": {"path":"/Users/csuftitan/Downloads/AdaptFitness/AdaptFitness/adaptfitness-backend/src/auth/auth.controller.ts","statementMap":{"0":{"start":{"line":15,"column":0},"end":{"line":15,"column":97}},"1":{"start":{"line":16,"column":0},"end":{"line":16,"column":45}},"2":{"start":{"line":17,"column":0},"end":{"line":17,"column":93}},"3":{"start":{"line":18,"column":0},"end":{"line":18,"column":55}},"4":{"start":{"line":22,"column":7},"end":{"line":155,"column":null}},"5":{"start":{"line":23,"column":22},"end":{"line":23,"column":35}},"6":{"start":{"line":53,"column":4},"end":{"line":53,"column":50}},"7":{"start":{"line":89,"column":4},"end":{"line":89,"column":44}},"8":{"start":{"line":111,"column":4},"end":{"line":118,"column":6}},"9":{"start":{"line":145,"column":4},"end":{"line":153,"column":6}},"10":{"start":{"line":22,"column":13},"end":{"line":22,"column":27}},"11":{"start":{"line":52,"column":8},"end":{"line":54,"column":null}},"12":{"start":{"line":88,"column":8},"end":{"line":90,"column":null}},"13":{"start":{"line":110,"column":8},"end":{"line":119,"column":null}},"14":{"start":{"line":144,"column":8},"end":{"line":154,"column":null}},"15":{"start":{"line":22,"column":13},"end":{"line":155,"column":null}}},"fnMap":{"0":{"name":"(anonymous_4)","decl":{"start":{"line":23,"column":2},"end":{"line":23,"column":22}},"loc":{"start":{"line":23,"column":46},"end":{"line":23,"column":50}}},"1":{"name":"(anonymous_5)","decl":{"start":{"line":52,"column":2},"end":{"line":52,"column":7}},"loc":{"start":{"line":52,"column":63},"end":{"line":54,"column":3}}},"2":{"name":"(anonymous_6)","decl":{"start":{"line":88,"column":2},"end":{"line":88,"column":7}},"loc":{"start":{"line":88,"column":54},"end":{"line":90,"column":3}}},"3":{"name":"(anonymous_7)","decl":{"start":{"line":110,"column":2},"end":{"line":110,"column":7}},"loc":{"start":{"line":110,"column":33},"end":{"line":119,"column":3}}},"4":{"name":"(anonymous_8)","decl":{"start":{"line":144,"column":2},"end":{"line":144,"column":7}},"loc":{"start":{"line":144,"column":31},"end":{"line":154,"column":3}}}},"branchMap":{},"s":{"0":0,"1":0,"2":0,"3":0,"4":0,"5":0,"6":0,"7":0,"8":0,"9":0,"10":0,"11":0,"12":0,"13":0,"14":0,"15":0},"f":{"0":0,"1":0,"2":0,"3":0,"4":0},"b":{}}
,"/Users/csuftitan/Downloads/AdaptFitness/AdaptFitness/adaptfitness-backend/src/auth/auth.module.ts": {"path":"/Users/csuftitan/Downloads/AdaptFitness/AdaptFitness/adaptfitness-backend/src/auth/auth.module.ts","statementMap":{"0":{"start":{"line":10,"column":0},"end":{"line":10,"column":40}},"1":{"start":{"line":11,"column":0},"end":{"line":11,"column":40}},"2":{"start":{"line":12,"column":0},"end":{"line":12,"column":50}},"3":{"start":{"line":13,"column":0},"end":{"line":13,"column":45}},"4":{"start":{"line":14,"column":0},"end":{"line":14,"column":51}},"5":{"start":{"line":15,"column":0},"end":{"line":15,"column":49}},"6":{"start":{"line":16,"column":0},"end":{"line":16,"column":55}},"7":{"start":{"line":31,"column":7},"end":{"line":31,"column":null}},"8":{"start":{"line":31,"column":13},"end":{"line":31,"column":23}},"9":{"start":{"line":31,"column":13},"end":{"line":31,"column":null}}},"fnMap":{},"branchMap":{"0":{"loc":{"start":{"line":24,"column":32},"end":{"line":24,"column":67}},"type":"binary-expr","locations":[{"start":{"line":24,"column":32},"end":{"line":24,"column":58}},{"start":{"line":24,"column":62},"end":{"line":24,"column":67}}]}},"s":{"0":0,"1":0,"2":0,"3":0,"4":0,"5":0,"6":0,"7":0,"8":0,"9":0},"f":{},"b":{"0":[0,0]}}
,"/Users/csuftitan/Downloads/AdaptFitness/AdaptFitness/adaptfitness-backend/src/auth/auth.service.ts": {"path":"/Users/csuftitan/Downloads/AdaptFitness/AdaptFitness/adaptfitness-backend/src/auth/auth.service.ts","statementMap":{"0":{"start":{"line":15,"column":0},"end":{"line":15,"column":86}},"1":{"start":{"line":16,"column":0},"end":{"line":16,"column":41}},"2":{"start":{"line":17,"column":0},"end":{"line":17,"column":51}},"3":{"start":{"line":19,"column":0},"end":{"line":19,"column":35}},"4":{"start":{"line":23,"column":7},"end":{"line":112,"column":null}},"5":{"start":{"line":25,"column":12},"end":{"line":25,"column":25}},"6":{"start":{"line":26,"column":12},"end":{"line":26,"column":24}},"7":{"start":{"line":47,"column":17},"end":{"line":47,"column":65}},"8":{"start":{"line":50,"column":4},"end":{"line":54,"column":5}},"9":{"start":{"line":52,"column":38},"end":{"line":52,"column":42}},"10":{"start":{"line":53,"column":6},"end":{"line":53,"column":20}},"11":{"start":{"line":57,"column":4},"end":{"line":57,"column":16}},"12":{"start":{"line":61,"column":17},"end":{"line":61,"column":75}},"13":{"start":{"line":62,"column":4},"end":{"line":64,"column":5}},"14":{"start":{"line":63,"column":6},"end":{"line":63,"column":61}},"15":{"start":{"line":66,"column":20},"end":{"line":66,"column":55}},"16":{"start":{"line":67,"column":4},"end":{"line":75,"column":6}},"17":{"start":{"line":79,"column":4},"end":{"line":101,"column":5}},"18":{"start":{"line":80,"column":29},"end":{"line":80,"column":72}},"19":{"start":{"line":81,"column":19},"end":{"line":84,"column":8}},"20":{"start":{"line":86,"column":38},"end":{"line":86,"column":42}},"21":{"start":{"line":87,"column":6},"end":{"line":95,"column":8}},"22":{"start":{"line":97,"column":6},"end":{"line":99,"column":7}},"23":{"start":{"line":98,"column":8},"end":{"line":98,"column":20}},"24":{"start":{"line":100,"column":6},"end":{"line":100,"column":47}},"25":{"start":{"line":106,"column":17},"end":{"line":106,"column":56}},"26":{"start":{"line":107,"column":4},"end":{"line":109,"column":5}},"27":{"start":{"line":108,"column":6},"end":{"line":108,"column":68}},"28":{"start":{"line":110,"column":4},"end":{"line":110,"column":16}},"29":{"start":{"line":23,"column":13},"end":{"line":23,"column":24}},"30":{"start":{"line":23,"column":13},"end":{"line":112,"column":null}}},"fnMap":{"0":{"name":"(anonymous_11)","decl":{"start":{"line":24,"column":2},"end":{"line":24,"column":null}},"loc":{"start":{"line":26,"column":34},"end":{"line":27,"column":6}}},"1":{"name":"(anonymous_12)","decl":{"start":{"line":45,"column":2},"end":{"line":45,"column":7}},"loc":{"start":{"line":45,"column":52},"end":{"line":58,"column":3}}},"2":{"name":"(anonymous_13)","decl":{"start":{"line":60,"column":2},"end":{"line":60,"column":7}},"loc":{"start":{"line":60,"column":32},"end":{"line":76,"column":3}}},"3":{"name":"(anonymous_14)","decl":{"start":{"line":78,"column":2},"end":{"line":78,"column":7}},"loc":{"start":{"line":78,"column":41},"end":{"line":102,"column":3}}},"4":{"name":"(anonymous_15)","decl":{"start":{"line":104,"column":2},"end":{"line":104,"column":7}},"loc":{"start":{"line":104,"column":36},"end":{"line":111,"column":3}}}},"branchMap":{"0":{"loc":{"start":{"line":50,"column":4},"end":{"line":54,"column":5}},"type":"if","locations":[{"start":{"line":50,"column":4},"end":{"line":54,"column":5}}]},"1":{"loc":{"start":{"line":50,"column":8},"end":{"line":50,"column":61}},"type":"binary-expr","locations":[{"start":{"line":50,"column":8},"end":{"line":50,"column":12}},{"start":{"line":50,"column":16},"end":{"line":50,"column":61}}]},"2":{"loc":{"start":{"line":62,"column":4},"end":{"line":64,"column":5}},"type":"if","locations":[{"start":{"line":62,"column":4},"end":{"line":64,"column":5}}]},"3":{"loc":{"start":{"line":97,"column":6},"end":{"line":99,"column":7}},"type":"if","locations":[{"start":{"line":97,"column":6},"end":{"line":99,"column":7}}]},"4":{"loc":{"start":{"line":107,"column":4},"end":{"line":109,"column":5}},"type":"if","locations":[{"start":{"line":107,"column":4},"end":{"line":109,"column":5}}]},"5":{"loc":{"start":{"line":107,"column":8},"end":{"line":107,"column":31}},"type":"binary-expr","locations":[{"start":{"line":107,"column":8},"end":{"line":107,"column":13}},{"start":{"line":107,"column":17},"end":{"line":107,"column":31}}]}},"s":{"0":0,"1":0,"2":0,"3":0,"4":0,"5":0,"6":0,"7":0,"8":0,"9":0,"10":0,"11":0,"12":0,"13":0,"14":0,"15":0,"16":0,"17":0,"18":0,"19":0,"20":0,"21":0,"22":0,"23":0,"24":0,"25":0,"26":0,"27":0,"28":0,"29":0,"30":0},"f":{"0":0,"1":0,"2":0,"3":0,"4":0},"b":{"0":[0],"1":[0,0],"2":[0],"3":[0],"4":[0],"5":[0,0]}}
,"/Users/csuftitan/Downloads/AdaptFitness/AdaptFitness/adaptfitness-backend/src/auth/dto/auth.dto.ts": {"path":"/Users/csuftitan/Downloads/AdaptFitness/AdaptFitness/adaptfitness-backend/src/auth/dto/auth.dto.ts","statementMap":{"0":{"start":{"line":10,"column":0},"end":{"line":10,"column":63}},"1":{"start":{"line":12,"column":0},"end":{"line":12,"column":13}},"2":{"start":{"line":14,"column":2},"end":{"line":14,"column":null}},"3":{"start":{"line":18,"column":2},"end":{"line":18,"column":null}},"4":{"start":{"line":21,"column":2},"end":{"line":21,"column":null}},"5":{"start":{"line":24,"column":2},"end":{"line":24,"column":null}},"6":{"start":{"line":27,"column":0},"end":{"line":27,"column":13}},"7":{"start":{"line":29,"column":2},"end":{"line":29,"column":null}},"8":{"start":{"line":32,"column":2},"end":{"line":32,"column":null}},"9":{"start":{"line":35,"column":0},"end":{"line":35,"column":13}},"10":{"start":{"line":45,"column":0},"end":{"line":45,"column":13}}},"fnMap":{},"branchMap":{},"s":{"0":0,"1":0,"2":0,"3":0,"4":0,"5":0,"6":0,"7":0,"8":0,"9":0,"10":0},"f":{},"b":{}}
,"/Users/csuftitan/Downloads/AdaptFitness/AdaptFitness/adaptfitness-backend/src/auth/guards/jwt-auth.guard.ts": {"path":"/Users/csuftitan/Downloads/AdaptFitness/AdaptFitness/adaptfitness-backend/src/auth/guards/jwt-auth.guard.ts","statementMap":{"0":{"start":{"line":10,"column":0},"end":{"line":10,"column":62}},"1":{"start":{"line":11,"column":0},"end":{"line":11,"column":45}},"2":{"start":{"line":14,"column":7},"end":{"line":19,"column":null}},"3":{"start":{"line":16,"column":4},"end":{"line":16,"column":51}},"4":{"start":{"line":17,"column":4},"end":{"line":17,"column":38}},"5":{"start":{"line":14,"column":13},"end":{"line":14,"column":25}},"6":{"start":{"line":14,"column":13},"end":{"line":19,"column":null}}},"fnMap":{"0":{"name":"(anonymous_1)","decl":{"start":{"line":15,"column":2},"end":{"line":15,"column":13}},"loc":{"start":{"line":15,"column":39},"end":{"line":18,"column":3}}}},"branchMap":{},"s":{"0":1,"1":1,"2":1,"3":0,"4":0,"5":1,"6":1},"f":{"0":0},"b":{}}
,"/Users/csuftitan/Downloads/AdaptFitness/AdaptFitness/adaptfitness-backend/src/auth/strategies/jwt.strategy.ts": {"path":"/Users/csuftitan/Downloads/AdaptFitness/AdaptFitness/adaptfitness-backend/src/auth/strategies/jwt.strategy.ts","statementMap":{"0":{"start":{"line":13,"column":0},"end":{"line":13,"column":44}},"1":{"start":{"line":14,"column":0},"end":{"line":14,"column":52}},"2":{"start":{"line":15,"column":0},"end":{"line":15,"column":52}},"3":{"start":{"line":16,"column":0},"end":{"line":16,"column":54}},"4":{"start":{"line":26,"column":7},"end":{"line":48,"column":null}},"5":{"start":{"line":28,"column":4},"end":{"line":32,"column":7}},"6":{"start":{"line":27,"column":22},"end":{"line":27,"column":35}},"7":{"start":{"line":36,"column":4},"end":{"line":46,"column":5}},"8":{"start":{"line":39,"column":19},"end":{"line":39,"column":63}},"9":{"start":{"line":40,"column":6},"end":{"line":42,"column":7}},"10":{"start":{"line":41,"column":8},"end":{"line":41,"column":20}},"11":{"start":{"line":43,"column":6},"end":{"line":43,"column":18}},"12":{"start":{"line":45,"column":6},"end":{"line":45,"column":18}},"13":{"start":{"line":26,"column":13},"end":{"line":26,"column":24}},"14":{"start":{"line":26,"column":13},"end":{"line":48,"column":null}}},"fnMap":{"0":{"name":"(anonymous_2)","decl":{"start":{"line":27,"column":2},"end":{"line":27,"column":22}},"loc":{"start":{"line":27,"column":46},"end":{"line":33,"column":3}}},"1":{"name":"(anonymous_3)","decl":{"start":{"line":35,"column":2},"end":{"line":35,"column":7}},"loc":{"start":{"line":35,"column":36},"end":{"line":47,"column":3}}}},"branchMap":{"0":{"loc":{"start":{"line":40,"column":6},"end":{"line":42,"column":7}},"type":"if","locations":[{"start":{"line":40,"column":6},"end":{"line":42,"column":7}}]},"1":{"loc":{"start":{"line":40,"column":10},"end":{"line":40,"column":33}},"type":"binary-expr","locations":[{"start":{"line":40,"column":10},"end":{"line":40,"column":15}},{"start":{"line":40,"column":19},"end":{"line":40,"column":33}}]}},"s":{"0":0,"1":0,"2":0,"3":0,"4":0,"5":0,"6":0,"7":0,"8":0,"9":0,"10":0,"11":0,"12":0,"13":0,"14":0},"f":{"0":0,"1":0},"b":{"0":[0],"1":[0,0]}}
,"/Users/csuftitan/Downloads/AdaptFitness/AdaptFitness/adaptfitness-backend/src/config/env.validation.ts": {"path":"/Users/csuftitan/Downloads/AdaptFitness/AdaptFitness/adaptfitness-backend/src/config/env.validation.ts","statementMap":{"0":{"start":{"line":8,"column":0},"end":{"line":8,"column":16}},"1":{"start":{"line":9,"column":19},"end":{"line":9,"column":54}},"2":{"start":{"line":10,"column":18},"end":{"line":10,"column":59}},"3":{"start":{"line":10,"column":41},"end":{"line":10,"column":58}},"4":{"start":{"line":12,"column":2},"end":{"line":14,"column":3}},"5":{"start":{"line":13,"column":4},"end":{"line":13,"column":85}},"6":{"start":{"line":17,"column":2},"end":{"line":19,"column":3}},"7":{"start":{"line":18,"column":4},"end":{"line":18,"column":70}}},"fnMap":{"0":{"name":"validateEnvironment","decl":{"start":{"line":8,"column":16},"end":{"line":8,"column":35}},"loc":{"start":{"line":8,"column":35},"end":{"line":20,"column":1}}},"1":{"name":"(anonymous_1)","decl":{"start":{"line":10,"column":34},"end":{"line":10,"column":37}},"loc":{"start":{"line":10,"column":41},"end":{"line":10,"column":58}}}},"branchMap":{"0":{"loc":{"start":{"line":12,"column":2},"end":{"line":14,"column":3}},"type":"if","locations":[{"start":{"line":12,"column":2},"end":{"line":14,"column":3}}]},"1":{"loc":{"start":{"line":17,"column":2},"end":{"line":19,"column":3}},"type":"if","locations":[{"start":{"line":17,"column":2},"end":{"line":19,"column":3}}]},"2":{"loc":{"start":{"line":17,"column":6},"end":{"line":17,"column":66}},"type":"binary-expr","locations":[{"start":{"line":17,"column":6},"end":{"line":17,"column":28}},{"start":{"line":17,"column":32},"end":{"line":17,"column":66}}]}},"s":{"0":0,"1":0,"2":0,"3":0,"4":0,"5":0,"6":0,"7":0},"f":{"0":0,"1":0},"b":{"0":[0],"1":[0],"2":[0,0]}}
,"/Users/csuftitan/Downloads/AdaptFitness/AdaptFitness/adaptfitness-backend/src/health-metrics/health-metrics.controller.ts": {"path":"/Users/csuftitan/Downloads/AdaptFitness/AdaptFitness/adaptfitness-backend/src/health-metrics/health-metrics.controller.ts","statementMap":{"0":{"start":{"line":15,"column":0},"end":{"line":15,"column":null}},"1":{"start":{"line":27,"column":0},"end":{"line":27,"column":64}},"2":{"start":{"line":28,"column":0},"end":{"line":28,"column":73}},"3":{"start":{"line":29,"column":0},"end":{"line":29,"column":73}},"4":{"start":{"line":30,"column":0},"end":{"line":30,"column":61}},"5":{"start":{"line":37,"column":7},"end":{"line":169,"column":null}},"6":{"start":{"line":38,"column":31},"end":{"line":38,"column":53}},"7":{"start":{"line":60,"column":4},"end":{"line":60,"column":81}},"8":{"start":{"line":77,"column":4},"end":{"line":77,"column":58}},"9":{"start":{"line":93,"column":4},"end":{"line":93,"column":61}},"10":{"start":{"line":110,"column":4},"end":{"line":110,"column":71}},"11":{"start":{"line":127,"column":4},"end":{"line":127,"column":62}},"12":{"start":{"line":150,"column":4},"end":{"line":150,"column":85}},"13":{"start":{"line":167,"column":4},"end":{"line":167,"column":61}},"14":{"start":{"line":37,"column":13},"end":{"line":37,"column":36}},"15":{"start":{"line":59,"column":2},"end":{"line":61,"column":null}},"16":{"start":{"line":76,"column":2},"end":{"line":78,"column":null}},"17":{"start":{"line":92,"column":2},"end":{"line":94,"column":null}},"18":{"start":{"line":109,"column":2},"end":{"line":111,"column":null}},"19":{"start":{"line":126,"column":2},"end":{"line":128,"column":null}},"20":{"start":{"line":145,"column":2},"end":{"line":151,"column":null}},"21":{"start":{"line":166,"column":2},"end":{"line":168,"column":null}},"22":{"start":{"line":37,"column":13},"end":{"line":169,"column":null}}},"fnMap":{"0":{"name":"(anonymous_4)","decl":{"start":{"line":38,"column":2},"end":{"line":38,"column":31}},"loc":{"start":{"line":38,"column":73},"end":{"line":38,"column":77}}},"1":{"name":"(anonymous_5)","decl":{"start":{"line":59,"column":2},"end":{"line":59,"column":8}},"loc":{"start":{"line":59,"column":79},"end":{"line":61,"column":3}}},"2":{"name":"(anonymous_6)","decl":{"start":{"line":76,"column":2},"end":{"line":76,"column":9}},"loc":{"start":{"line":76,"column":24},"end":{"line":78,"column":3}}},"3":{"name":"(anonymous_7)","decl":{"start":{"line":92,"column":2},"end":{"line":92,"column":12}},"loc":{"start":{"line":92,"column":27},"end":{"line":94,"column":3}}},"4":{"name":"(anonymous_8)","decl":{"start":{"line":109,"column":2},"end":{"line":109,"column":22}},"loc":{"start":{"line":109,"column":37},"end":{"line":111,"column":3}}},"5":{"name":"(anonymous_9)","decl":{"start":{"line":126,"column":2},"end":{"line":126,"column":9}},"loc":{"start":{"line":126,"column":63},"end":{"line":128,"column":3}}},"6":{"name":"(anonymous_10)","decl":{"start":{"line":145,"column":2},"end":{"line":145,"column":8}},"loc":{"start":{"line":148,"column":18},"end":{"line":151,"column":3}}},"7":{"name":"(anonymous_11)","decl":{"start":{"line":166,"column":2},"end":{"line":166,"column":8}},"loc":{"start":{"line":166,"column":62},"end":{"line":168,"column":3}}}},"branchMap":{},"s":{"0":1,"1":1,"2":1,"3":1,"4":1,"5":1,"6":8,"7":1,"8":1,"9":1,"10":1,"11":2,"12":1,"13":1,"14":1,"15":1,"16":1,"17":1,"18":1,"19":1,"20":1,"21":1,"22":1},"f":{"0":8,"1":1,"2":1,"3":1,"4":1,"5":2,"6":1,"7":1},"b":{}}
,"/Users/csuftitan/Downloads/AdaptFitness/AdaptFitness/adaptfitness-backend/src/health-metrics/health-metrics.e2e-spec.ts": {"path":"/Users/csuftitan/Downloads/AdaptFitness/AdaptFitness/adaptfitness-backend/src/health-metrics/health-metrics.e2e-spec.ts","statementMap":{"0":{"start":{"line":1,"column":0},"end":{"line":1,"column":54}},"1":{"start":{"line":3,"column":0},"end":{"line":3,"column":48}},"2":{"start":{"line":4,"column":0},"end":{"line":4,"column":46}},"3":{"start":{"line":5,"column":0},"end":{"line":5,"column":50}},"4":{"start":{"line":6,"column":0},"end":{"line":6,"column":40}},"5":{"start":{"line":7,"column":0},"end":{"line":7,"column":32}},"6":{"start":{"line":8,"column":0},"end":{"line":8,"column":62}},"7":{"start":{"line":9,"column":0},"end":{"line":9,"column":49}},"8":{"start":{"line":10,"column":0},"end":{"line":10,"column":49}},"9":{"start":{"line":11,"column":0},"end":{"line":11,"column":56}},"10":{"start":{"line":12,"column":0},"end":{"line":12,"column":43}},"11":{"start":{"line":14,"column":0},"end":{"line":348,"column":3}},"12":{"start":{"line":19,"column":2},"end":{"line":68,"column":5}},"13":{"start":{"line":20,"column":41},"end":{"line":46,"column":16}},"14":{"start":{"line":48,"column":4},"end":{"line":48,"column":48}},"15":{"start":{"line":49,"column":4},"end":{"line":49,"column":21}},"16":{"start":{"line":52,"column":25},"end":{"line":64,"column":8}},"17":{"start":{"line":66,"column":4},"end":{"line":66,"column":47}},"18":{"start":{"line":67,"column":4},"end":{"line":67,"column":39}},"19":{"start":{"line":70,"column":2},"end":{"line":72,"column":5}},"20":{"start":{"line":71,"column":4},"end":{"line":71,"column":22}},"21":{"start":{"line":74,"column":2},"end":{"line":127,"column":5}},"22":{"start":{"line":75,"column":4},"end":{"line":106,"column":7}},"23":{"start":{"line":76,"column":37},"end":{"line":87,"column":8}},"24":{"start":{"line":89,"column":6},"end":{"line":105,"column":11}},"25":{"start":{"line":95,"column":10},"end":{"line":95,"column":48}},"26":{"start":{"line":96,"column":10},"end":{"line":96,"column":60}},"27":{"start":{"line":97,"column":10},"end":{"line":97,"column":63}},"28":{"start":{"line":98,"column":10},"end":{"line":98,"column":49}},"29":{"start":{"line":99,"column":10},"end":{"line":99,"column":58}},"30":{"start":{"line":100,"column":10},"end":{"line":100,"column":50}},"31":{"start":{"line":101,"column":10},"end":{"line":101,"column":49}},"32":{"start":{"line":102,"column":10},"end":{"line":102,"column":61}},"33":{"start":{"line":103,"column":10},"end":{"line":103,"column":64}},"34":{"start":{"line":104,"column":10},"end":{"line":104,"column":50}},"35":{"start":{"line":108,"column":4},"end":{"line":119,"column":7}},"36":{"start":{"line":109,"column":25},"end":{"line":112,"column":8}},"37":{"start":{"line":114,"column":6},"end":{"line":118,"column":21}},"38":{"start":{"line":121,"column":4},"end":{"line":126,"column":7}},"39":{"start":{"line":122,"column":6},"end":{"line":125,"column":21}},"40":{"start":{"line":129,"column":2},"end":{"line":153,"column":5}},"41":{"start":{"line":130,"column":4},"end":{"line":152,"column":7}},"42":{"start":{"line":132,"column":6},"end":{"line":135,"column":65}},"43":{"start":{"line":137,"column":6},"end":{"line":140,"column":66}},"44":{"start":{"line":142,"column":6},"end":{"line":151,"column":11}},"45":{"start":{"line":147,"column":10},"end":{"line":147,"column":53}},"46":{"start":{"line":148,"column":10},"end":{"line":148,"column":60}},"47":{"start":{"line":149,"column":10},"end":{"line":149,"column":51}},"48":{"start":{"line":150,"column":10},"end":{"line":150,"column":63}},"49":{"start":{"line":155,"column":2},"end":{"line":168,"column":5}},"50":{"start":{"line":156,"column":4},"end":{"line":167,"column":7}},"51":{"start":{"line":157,"column":6},"end":{"line":166,"column":11}},"52":{"start":{"line":162,"column":10},"end":{"line":162,"column":48}},"53":{"start":{"line":163,"column":10},"end":{"line":163,"column":60}},"54":{"start":{"line":164,"column":10},"end":{"line":164,"column":59}},"55":{"start":{"line":165,"column":10},"end":{"line":165,"column":49}},"56":{"start":{"line":170,"column":2},"end":{"line":184,"column":5}},"57":{"start":{"line":171,"column":4},"end":{"line":183,"column":7}},"58":{"start":{"line":172,"column":6},"end":{"line":182,"column":11}},"59":{"start":{"line":177,"column":10},"end":{"line":177,"column":49}},"60":{"start":{"line":178,"column":10},"end":{"line":178,"column":50}},"61":{"start":{"line":179,"column":10},"end":{"line":179,"column":49}},"62":{"start":{"line":180,"column":10},"end":{"line":180,"column":61}},"63":{"start":{"line":181,"column":10},"end":{"line":181,"column":57}},"64":{"start":{"line":186,"column":2},"end":{"line":216,"column":5}},"65":{"start":{"line":189,"column":4},"end":{"line":196,"column":7}},"66":{"start":{"line":190,"column":23},"end":{"line":193,"column":59}},"67":{"start":{"line":195,"column":6},"end":{"line":195,"column":40}},"68":{"start":{"line":198,"column":4},"end":{"line":208,"column":7}},"69":{"start":{"line":199,"column":6},"end":{"line":207,"column":11}},"70":{"start":{"line":204,"column":10},"end":{"line":204,"column":64}},"71":{"start":{"line":205,"column":10},"end":{"line":205,"column":60}},"72":{"start":{"line":206,"column":10},"end":{"line":206,"column":63}},"73":{"start":{"line":210,"column":4},"end":{"line":215,"column":7}},"74":{"start":{"line":211,"column":6},"end":{"line":214,"column":21}},"75":{"start":{"line":218,"column":2},"end":{"line":256,"column":5}},"76":{"start":{"line":221,"column":4},"end":{"line":228,"column":7}},"77":{"start":{"line":222,"column":23},"end":{"line":225,"column":61}},"78":{"start":{"line":227,"column":6},"end":{"line":227,"column":40}},"79":{"start":{"line":230,"column":4},"end":{"line":247,"column":7}},"80":{"start":{"line":231,"column":24},"end":{"line":234,"column":8}},"81":{"start":{"line":236,"column":6},"end":{"line":246,"column":11}},"82":{"start":{"line":242,"column":10},"end":{"line":242,"column":64}},"83":{"start":{"line":243,"column":10},"end":{"line":243,"column":63}},"84":{"start":{"line":244,"column":10},"end":{"line":244,"column":74}},"85":{"start":{"line":245,"column":10},"end":{"line":245,"column":49}},"86":{"start":{"line":249,"column":4},"end":{"line":255,"column":7}},"87":{"start":{"line":250,"column":6},"end":{"line":254,"column":21}},"88":{"start":{"line":258,"column":2},"end":{"line":283,"column":5}},"89":{"start":{"line":261,"column":4},"end":{"line":268,"column":7}},"90":{"start":{"line":262,"column":23},"end":{"line":265,"column":62}},"91":{"start":{"line":267,"column":6},"end":{"line":267,"column":40}},"92":{"start":{"line":270,"column":4},"end":{"line":275,"column":7}},"93":{"start":{"line":271,"column":6},"end":{"line":274,"column":21}},"94":{"start":{"line":277,"column":4},"end":{"line":282,"column":7}},"95":{"start":{"line":278,"column":6},"end":{"line":281,"column":21}},"96":{"start":{"line":285,"column":2},"end":{"line":306,"column":5}},"97":{"start":{"line":286,"column":4},"end":{"line":295,"column":7}},"98":{"start":{"line":287,"column":6},"end":{"line":294,"column":21}},"99":{"start":{"line":297,"column":4},"end":{"line":305,"column":7}},"100":{"start":{"line":298,"column":6},"end":{"line":304,"column":21}},"101":{"start":{"line":308,"column":2},"end":{"line":347,"column":5}},"102":{"start":{"line":312,"column":4},"end":{"line":330,"column":7}},"103":{"start":{"line":314,"column":27},"end":{"line":326,"column":10}},"104":{"start":{"line":328,"column":6},"end":{"line":328,"column":54}},"105":{"start":{"line":329,"column":6},"end":{"line":329,"column":46}},"106":{"start":{"line":332,"column":4},"end":{"line":346,"column":7}},"107":{"start":{"line":334,"column":23},"end":{"line":337,"column":62}},"108":{"start":{"line":339,"column":29},"end":{"line":339,"column":45}},"109":{"start":{"line":342,"column":6},"end":{"line":345,"column":21}}},"fnMap":{"0":{"name":"(anonymous_1)","decl":{"start":{"line":14,"column":32},"end":{"line":14,"column":35}},"loc":{"start":{"line":14,"column":37},"end":{"line":348,"column":1}}},"1":{"name":"(anonymous_2)","decl":{"start":{"line":19,"column":12},"end":{"line":19,"column":17}},"loc":{"start":{"line":19,"column":23},"end":{"line":68,"column":3}}},"2":{"name":"(anonymous_3)","decl":{"start":{"line":70,"column":11},"end":{"line":70,"column":16}},"loc":{"start":{"line":70,"column":22},"end":{"line":72,"column":3}}},"3":{"name":"(anonymous_4)","decl":{"start":{"line":74,"column":37},"end":{"line":74,"column":40}},"loc":{"start":{"line":74,"column":42},"end":{"line":127,"column":3}}},"4":{"name":"(anonymous_5)","decl":{"start":{"line":75,"column":39},"end":{"line":75,"column":42}},"loc":{"start":{"line":75,"column":44},"end":{"line":106,"column":5}}},"5":{"name":"(anonymous_6)","decl":{"start":{"line":94,"column":16},"end":{"line":94,"column":17}},"loc":{"start":{"line":94,"column":24},"end":{"line":105,"column":9}}},"6":{"name":"(anonymous_7)","decl":{"start":{"line":108,"column":45},"end":{"line":108,"column":48}},"loc":{"start":{"line":108,"column":50},"end":{"line":119,"column":5}}},"7":{"name":"(anonymous_8)","decl":{"start":{"line":121,"column":51},"end":{"line":121,"column":54}},"loc":{"start":{"line":121,"column":56},"end":{"line":126,"column":5}}},"8":{"name":"(anonymous_9)","decl":{"start":{"line":129,"column":36},"end":{"line":129,"column":39}},"loc":{"start":{"line":129,"column":41},"end":{"line":153,"column":3}}},"9":{"name":"(anonymous_10)","decl":{"start":{"line":130,"column":52},"end":{"line":130,"column":57}},"loc":{"start":{"line":130,"column":63},"end":{"line":152,"column":5}}},"10":{"name":"(anonymous_11)","decl":{"start":{"line":146,"column":16},"end":{"line":146,"column":17}},"loc":{"start":{"line":146,"column":24},"end":{"line":151,"column":9}}},"11":{"name":"(anonymous_12)","decl":{"start":{"line":155,"column":43},"end":{"line":155,"column":46}},"loc":{"start":{"line":155,"column":48},"end":{"line":168,"column":3}}},"12":{"name":"(anonymous_13)","decl":{"start":{"line":156,"column":50},"end":{"line":156,"column":53}},"loc":{"start":{"line":156,"column":55},"end":{"line":167,"column":5}}},"13":{"name":"(anonymous_14)","decl":{"start":{"line":161,"column":16},"end":{"line":161,"column":17}},"loc":{"start":{"line":161,"column":24},"end":{"line":166,"column":9}}},"14":{"name":"(anonymous_15)","decl":{"start":{"line":170,"column":49},"end":{"line":170,"column":52}},"loc":{"start":{"line":170,"column":54},"end":{"line":184,"column":3}}},"15":{"name":"(anonymous_16)","decl":{"start":{"line":171,"column":43},"end":{"line":171,"column":46}},"loc":{"start":{"line":171,"column":48},"end":{"line":183,"column":5}}},"16":{"name":"(anonymous_17)","decl":{"start":{"line":176,"column":16},"end":{"line":176,"column":17}},"loc":{"start":{"line":176,"column":24},"end":{"line":182,"column":9}}},"17":{"name":"(anonymous_18)","decl":{"start":{"line":186,"column":40},"end":{"line":186,"column":43}},"loc":{"start":{"line":186,"column":45},"end":{"line":216,"column":3}}},"18":{"name":"(anonymous_19)","decl":{"start":{"line":189,"column":15},"end":{"line":189,"column":20}},"loc":{"start":{"line":189,"column":26},"end":{"line":196,"column":5}}},"19":{"name":"(anonymous_20)","decl":{"start":{"line":198,"column":49},"end":{"line":198,"column":52}},"loc":{"start":{"line":198,"column":54},"end":{"line":208,"column":5}}},"20":{"name":"(anonymous_21)","decl":{"start":{"line":203,"column":16},"end":{"line":203,"column":17}},"loc":{"start":{"line":203,"column":24},"end":{"line":207,"column":9}}},"21":{"name":"(anonymous_22)","decl":{"start":{"line":210,"column":59},"end":{"line":210,"column":62}},"loc":{"start":{"line":210,"column":64},"end":{"line":215,"column":5}}},"22":{"name":"(anonymous_23)","decl":{"start":{"line":218,"column":42},"end":{"line":218,"column":45}},"loc":{"start":{"line":218,"column":47},"end":{"line":256,"column":3}}},"23":{"name":"(anonymous_24)","decl":{"start":{"line":221,"column":15},"end":{"line":221,"column":20}},"loc":{"start":{"line":221,"column":26},"end":{"line":228,"column":5}}},"24":{"name":"(anonymous_25)","decl":{"start":{"line":230,"column":39},"end":{"line":230,"column":42}},"loc":{"start":{"line":230,"column":44},"end":{"line":247,"column":5}}},"25":{"name":"(anonymous_26)","decl":{"start":{"line":241,"column":16},"end":{"line":241,"column":17}},"loc":{"start":{"line":241,"column":24},"end":{"line":246,"column":9}}},"26":{"name":"(anonymous_27)","decl":{"start":{"line":249,"column":59},"end":{"line":249,"column":62}},"loc":{"start":{"line":249,"column":64},"end":{"line":255,"column":5}}},"27":{"name":"(anonymous_28)","decl":{"start":{"line":258,"column":43},"end":{"line":258,"column":46}},"loc":{"start":{"line":258,"column":48},"end":{"line":283,"column":3}}},"28":{"name":"(anonymous_29)","decl":{"start":{"line":261,"column":15},"end":{"line":261,"column":20}},"loc":{"start":{"line":261,"column":26},"end":{"line":268,"column":5}}},"29":{"name":"(anonymous_30)","decl":{"start":{"line":270,"column":39},"end":{"line":270,"column":42}},"loc":{"start":{"line":270,"column":44},"end":{"line":275,"column":5}}},"30":{"name":"(anonymous_31)","decl":{"start":{"line":277,"column":59},"end":{"line":277,"column":62}},"loc":{"start":{"line":277,"column":64},"end":{"line":282,"column":5}}},"31":{"name":"(anonymous_32)","decl":{"start":{"line":285,"column":30},"end":{"line":285,"column":33}},"loc":{"start":{"line":285,"column":35},"end":{"line":306,"column":3}}},"32":{"name":"(anonymous_33)","decl":{"start":{"line":286,"column":52},"end":{"line":286,"column":55}},"loc":{"start":{"line":286,"column":57},"end":{"line":295,"column":5}}},"33":{"name":"(anonymous_34)","decl":{"start":{"line":297,"column":45},"end":{"line":297,"column":48}},"loc":{"start":{"line":297,"column":50},"end":{"line":305,"column":5}}},"34":{"name":"(anonymous_35)","decl":{"start":{"line":308,"column":29},"end":{"line":308,"column":32}},"loc":{"start":{"line":308,"column":34},"end":{"line":347,"column":3}}},"35":{"name":"(anonymous_36)","decl":{"start":{"line":312,"column":14},"end":{"line":312,"column":19}},"loc":{"start":{"line":312,"column":25},"end":{"line":330,"column":5}}},"36":{"name":"(anonymous_37)","decl":{"start":{"line":332,"column":66},"end":{"line":332,"column":71}},"loc":{"start":{"line":332,"column":77},"end":{"line":346,"column":5}}}},"branchMap":{"0":{"loc":{"start":{"line":28,"column":16},"end":{"line":28,"column":61}},"type":"binary-expr","locations":[{"start":{"line":28,"column":16},"end":{"line":28,"column":46}},{"start":{"line":28,"column":50},"end":{"line":28,"column":61}}]},"1":{"loc":{"start":{"line":29,"column":25},"end":{"line":29,"column":65}},"type":"binary-expr","locations":[{"start":{"line":29,"column":25},"end":{"line":29,"column":55}},{"start":{"line":29,"column":59},"end":{"line":29,"column":65}}]},"2":{"loc":{"start":{"line":30,"column":20},"end":{"line":30,"column":68}},"type":"binary-expr","locations":[{"start":{"line":30,"column":20},"end":{"line":30,"column":54}},{"start":{"line":30,"column":58},"end":{"line":30,"column":68}}]},"3":{"loc":{"start":{"line":31,"column":20},"end":{"line":31,"column":68}},"type":"binary-expr","locations":[{"start":{"line":31,"column":20},"end":{"line":31,"column":54}},{"start":{"line":31,"column":58},"end":{"line":31,"column":68}}]},"4":{"loc":{"start":{"line":32,"column":20},"end":{"line":32,"column":73}},"type":"binary-expr","locations":[{"start":{"line":32,"column":20},"end":{"line":32,"column":50}},{"start":{"line":32,"column":54},"end":{"line":32,"column":73}}]},"5":{"loc":{"start":{"line":39,"column":18},"end":{"line":39,"column":57}},"type":"binary-expr","locations":[{"start":{"line":39,"column":18},"end":{"line":39,"column":40}},{"start":{"line":39,"column":44},"end":{"line":39,"column":57}}]}},"s":{"0":0,"1":0,"2":0,"3":0,"4":0,"5":0,"6":0,"7":0,"8":0,"9":0,"10":0,"11":0,"12":0,"13":0,"14":0,"15":0,"16":0,"17":0,"18":0,"19":0,"20":0,"21":0,"22":0,"23":0,"24":0,"25":0,"26":0,"27":0,"28":0,"29":0,"30":0,"31":0,"32":0,"33":0,"34":0,"35":0,"36":0,"37":0,"38":0,"39":0,"40":0,"41":0,"42":0,"43":0,"44":0,"45":0,"46":0,"47":0,"48":0,"49":0,"50":0,"51":0,"52":0,"53":0,"54":0,"55":0,"56":0,"57":0,"58":0,"59":0,"60":0,"61":0,"62":0,"63":0,"64":0,"65":0,"66":0,"67":0,"68":0,"69":0,"70":0,"71":0,"72":0,"73":0,"74":0,"75":0,"76":0,"77":0,"78":0,"79":0,"80":0,"81":0,"82":0,"83":0,"84":0,"85":0,"86":0,"87":0,"88":0,"89":0,"90":0,"91":0,"92":0,"93":0,"94":0,"95":0,"96":0,"97":0,"98":0,"99":0,"100":0,"101":0,"102":0,"103":0,"104":0,"105":0,"106":0,"107":0,"108":0,"109":0},"f":{"0":0,"1":0,"2":0,"3":0,"4":0,"5":0,"6":0,"7":0,"8":0,"9":0,"10":0,"11":0,"12":0,"13":0,"14":0,"15":0,"16":0,"17":0,"18":0,"19":0,"20":0,"21":0,"22":0,"23":0,"24":0,"25":0,"26":0,"27":0,"28":0,"29":0,"30":0,"31":0,"32":0,"33":0,"34":0,"35":0,"36":0},"b":{"0":[0,0],"1":[0,0],"2":[0,0],"3":[0,0],"4":[0,0],"5":[0,0]}}
,"/Users/csuftitan/Downloads/AdaptFitness/AdaptFitness/adaptfitness-backend/src/health-metrics/health-metrics.entity.ts": {"path":"/Users/csuftitan/Downloads/AdaptFitness/AdaptFitness/adaptfitness-backend/src/health-metrics/health-metrics.entity.ts","statementMap":{"0":{"start":{"line":16,"column":0},"end":{"line":16,"column":124}},"1":{"start":{"line":17,"column":0},"end":{"line":17,"column":43}},"2":{"start":{"line":21,"column":7},"end":{"line":112,"column":null}},"3":{"start":{"line":21,"column":13},"end":{"line":21,"column":26}},"4":{"start":{"line":24,"column":2},"end":{"line":24,"column":null}},"5":{"start":{"line":28,"column":2},"end":{"line":28,"column":null}},"6":{"start":{"line":33,"column":2},"end":{"line":33,"column":null}},"7":{"start":{"line":31,"column":19},"end":{"line":31,"column":23}},"8":{"start":{"line":37,"column":2},"end":{"line":37,"column":null}},"9":{"start":{"line":40,"column":2},"end":{"line":40,"column":null}},"10":{"start":{"line":43,"column":2},"end":{"line":43,"column":null}},"11":{"start":{"line":46,"column":2},"end":{"line":46,"column":null}},"12":{"start":{"line":49,"column":2},"end":{"line":49,"column":null}},"13":{"start":{"line":52,"column":2},"end":{"line":52,"column":null}},"14":{"start":{"line":56,"column":2},"end":{"line":56,"column":null}},"15":{"start":{"line":59,"column":2},"end":{"line":59,"column":null}},"16":{"start":{"line":62,"column":2},"end":{"line":62,"column":null}},"17":{"start":{"line":66,"column":2},"end":{"line":66,"column":null}},"18":{"start":{"line":69,"column":2},"end":{"line":69,"column":null}},"19":{"start":{"line":72,"column":2},"end":{"line":72,"column":null}},"20":{"start":{"line":76,"column":2},"end":{"line":76,"column":null}},"21":{"start":{"line":79,"column":2},"end":{"line":79,"column":null}},"22":{"start":{"line":82,"column":2},"end":{"line":82,"column":null}},"23":{"start":{"line":85,"column":2},"end":{"line":85,"column":null}},"24":{"start":{"line":88,"column":2},"end":{"line":88,"column":null}},"25":{"start":{"line":91,"column":2},"end":{"line":91,"column":null}},"26":{"start":{"line":95,"column":2},"end":{"line":95,"column":null}},"27":{"start":{"line":98,"column":2},"end":{"line":98,"column":null}},"28":{"start":{"line":101,"column":2},"end":{"line":101,"column":null}},"29":{"start":{"line":105,"column":2},"end":{"line":105,"column":null}},"30":{"start":{"line":108,"column":2},"end":{"line":108,"column":null}},"31":{"start":{"line":111,"column":2},"end":{"line":111,"column":null}},"32":{"start":{"line":21,"column":13},"end":{"line":112,"column":null}}},"fnMap":{"0":{"name":"(anonymous_2)","decl":{"start":{"line":31,"column":13},"end":{"line":31,"column":16}},"loc":{"start":{"line":31,"column":19},"end":{"line":31,"column":23}}}},"branchMap":{},"s":{"0":2,"1":2,"2":2,"3":2,"4":2,"5":2,"6":2,"7":0,"8":2,"9":2,"10":2,"11":2,"12":2,"13":2,"14":2,"15":2,"16":2,"17":2,"18":2,"19":2,"20":2,"21":2,"22":2,"23":2,"24":2,"25":2,"26":2,"27":2,"28":2,"29":2,"30":2,"31":2,"32":2},"f":{"0":0},"b":{}}
,"/Users/csuftitan/Downloads/AdaptFitness/AdaptFitness/adaptfitness-backend/src/health-metrics/health-metrics.module.ts": {"path":"/Users/csuftitan/Downloads/AdaptFitness/AdaptFitness/adaptfitness-backend/src/health-metrics/health-metrics.module.ts","statementMap":{"0":{"start":{"line":1,"column":0},"end":{"line":1,"column":40}},"1":{"start":{"line":2,"column":0},"end":{"line":2,"column":48}},"2":{"start":{"line":3,"column":0},"end":{"line":3,"column":64}},"3":{"start":{"line":4,"column":0},"end":{"line":4,"column":70}},"4":{"start":{"line":5,"column":0},"end":{"line":5,"column":56}},"5":{"start":{"line":6,"column":0},"end":{"line":6,"column":43}},"6":{"start":{"line":14,"column":7},"end":{"line":14,"column":null}},"7":{"start":{"line":14,"column":13},"end":{"line":14,"column":32}},"8":{"start":{"line":14,"column":13},"end":{"line":14,"column":null}}},"fnMap":{},"branchMap":{},"s":{"0":0,"1":0,"2":0,"3":0,"4":0,"5":0,"6":0,"7":0,"8":0},"f":{},"b":{}}
,"/Users/csuftitan/Downloads/AdaptFitness/AdaptFitness/adaptfitness-backend/src/health-metrics/health-metrics.service.ts": {"path":"/Users/csuftitan/Downloads/AdaptFitness/AdaptFitness/adaptfitness-backend/src/health-metrics/health-metrics.service.ts","statementMap":{"0":{"start":{"line":18,"column":0},"end":{"line":18,"column":63}},"1":{"start":{"line":19,"column":0},"end":{"line":19,"column":51}},"2":{"start":{"line":20,"column":0},"end":{"line":20,"column":37}},"3":{"start":{"line":21,"column":0},"end":{"line":21,"column":56}},"4":{"start":{"line":22,"column":0},"end":{"line":22,"column":43}},"5":{"start":{"line":28,"column":7},"end":{"line":383,"column":null}},"6":{"start":{"line":32,"column":12},"end":{"line":32,"column":37}},"7":{"start":{"line":35,"column":12},"end":{"line":35,"column":28}},"8":{"start":{"line":53,"column":26},"end":{"line":56,"column":6}},"9":{"start":{"line":59,"column":30},"end":{"line":59,"column":83}},"10":{"start":{"line":62,"column":4},"end":{"line":62,"column":64}},"11":{"start":{"line":77,"column":4},"end":{"line":80,"column":7}},"12":{"start":{"line":97,"column":26},"end":{"line":99,"column":6}},"13":{"start":{"line":101,"column":4},"end":{"line":103,"column":5}},"14":{"start":{"line":102,"column":6},"end":{"line":102,"column":62}},"15":{"start":{"line":105,"column":4},"end":{"line":105,"column":25}},"16":{"start":{"line":121,"column":26},"end":{"line":124,"column":6}},"17":{"start":{"line":126,"column":4},"end":{"line":128,"column":5}},"18":{"start":{"line":127,"column":6},"end":{"line":127,"column":61}},"19":{"start":{"line":130,"column":4},"end":{"line":130,"column":25}},"20":{"start":{"line":149,"column":26},"end":{"line":149,"column":56}},"21":{"start":{"line":152,"column":4},"end":{"line":152,"column":57}},"22":{"start":{"line":155,"column":30},"end":{"line":155,"column":83}},"23":{"start":{"line":158,"column":4},"end":{"line":158,"column":64}},"24":{"start":{"line":173,"column":26},"end":{"line":173,"column":56}},"25":{"start":{"line":175,"column":4},"end":{"line":175,"column":61}},"26":{"start":{"line":181,"column":17},"end":{"line":181,"column":47}},"27":{"start":{"line":183,"column":4},"end":{"line":185,"column":5}},"28":{"start":{"line":184,"column":6},"end":{"line":184,"column":52}},"29":{"start":{"line":188,"column":4},"end":{"line":188,"column":84}},"30":{"start":{"line":191,"column":4},"end":{"line":201,"column":5}},"31":{"start":{"line":192,"column":6},"end":{"line":195,"column":8}},"32":{"start":{"line":196,"column":6},"end":{"line":200,"column":8}},"33":{"start":{"line":204,"column":4},"end":{"line":209,"column":5}},"34":{"start":{"line":205,"column":6},"end":{"line":208,"column":8}},"35":{"start":{"line":211,"column":4},"end":{"line":216,"column":5}},"36":{"start":{"line":212,"column":6},"end":{"line":215,"column":8}},"37":{"start":{"line":219,"column":4},"end":{"line":225,"column":5}},"38":{"start":{"line":220,"column":6},"end":{"line":224,"column":8}},"39":{"start":{"line":228,"column":4},"end":{"line":233,"column":6}},"40":{"start":{"line":235,"column":4},"end":{"line":235,"column":68}},"41":{"start":{"line":236,"column":4},"end":{"line":236,"column":100}},"42":{"start":{"line":239,"column":4},"end":{"line":244,"column":5}},"43":{"start":{"line":240,"column":6},"end":{"line":243,"column":8}},"44":{"start":{"line":247,"column":4},"end":{"line":253,"column":5}},"45":{"start":{"line":248,"column":6},"end":{"line":252,"column":8}},"46":{"start":{"line":255,"column":4},"end":{"line":255,"column":25}},"47":{"start":{"line":260,"column":27},"end":{"line":260,"column":39}},"48":{"start":{"line":261,"column":4},"end":{"line":261,"column":75}},"49":{"start":{"line":265,"column":4},"end":{"line":265,"column":71}},"50":{"start":{"line":270,"column":4},"end":{"line":274,"column":5}},"51":{"start":{"line":271,"column":6},"end":{"line":271,"column":73}},"52":{"start":{"line":273,"column":6},"end":{"line":273,"column":73}},"53":{"start":{"line":278,"column":4},"end":{"line":278,"column":44}},"54":{"start":{"line":282,"column":4},"end":{"line":282,"column":47}},"55":{"start":{"line":286,"column":27},"end":{"line":286,"column":39}},"56":{"start":{"line":287,"column":23},"end":{"line":287,"column":29}},"57":{"start":{"line":288,"column":26},"end":{"line":288,"column":37}},"58":{"start":{"line":290,"column":4},"end":{"line":290,"column":108}},"59":{"start":{"line":296,"column":4},"end":{"line":300,"column":5}},"60":{"start":{"line":297,"column":6},"end":{"line":297,"column":76}},"61":{"start":{"line":299,"column":6},"end":{"line":299,"column":78}},"62":{"start":{"line":304,"column":4},"end":{"line":304,"column":52}},"63":{"start":{"line":309,"column":27},"end":{"line":309,"column":40}},"64":{"start":{"line":310,"column":4},"end":{"line":310,"column":45}},"65":{"start":{"line":314,"column":29},"end":{"line":314,"column":55}},"66":{"start":{"line":315,"column":4},"end":{"line":315,"column":40}},"67":{"start":{"line":315,"column":31},"end":{"line":315,"column":40}},"68":{"start":{"line":318,"column":26},"end":{"line":318,"column":49}},"69":{"start":{"line":319,"column":25},"end":{"line":319,"column":42}},"70":{"start":{"line":321,"column":4},"end":{"line":321,"column":43}},"71":{"start":{"line":326,"column":17},"end":{"line":328,"column":6}},"72":{"start":{"line":330,"column":4},"end":{"line":330,"column":27}},"73":{"start":{"line":330,"column":15},"end":{"line":330,"column":27}},"74":{"start":{"line":332,"column":4},"end":{"line":337,"column":6}},"75":{"start":{"line":348,"column":19},"end":{"line":348,"column":48}},"76":{"start":{"line":350,"column":4},"end":{"line":356,"column":6}},"77":{"start":{"line":360,"column":4},"end":{"line":360,"column":45}},"78":{"start":{"line":360,"column":28},"end":{"line":360,"column":45}},"79":{"start":{"line":362,"column":4},"end":{"line":374,"column":5}},"80":{"start":{"line":363,"column":6},"end":{"line":363,"column":56}},"81":{"start":{"line":363,"column":33},"end":{"line":363,"column":56}},"82":{"start":{"line":364,"column":6},"end":{"line":364,"column":52}},"83":{"start":{"line":364,"column":34},"end":{"line":364,"column":52}},"84":{"start":{"line":365,"column":6},"end":{"line":365,"column":51}},"85":{"start":{"line":365,"column":34},"end":{"line":365,"column":51}},"86":{"start":{"line":366,"column":6},"end":{"line":366,"column":51}},"87":{"start":{"line":366,"column":34},"end":{"line":366,"column":51}},"88":{"start":{"line":367,"column":6},"end":{"line":367,"column":21}},"89":{"start":{"line":369,"column":6},"end":{"line":369,"column":57}},"90":{"start":{"line":369,"column":34},"end":{"line":369,"column":57}},"91":{"start":{"line":370,"column":6},"end":{"line":370,"column":52}},"92":{"start":{"line":370,"column":34},"end":{"line":370,"column":52}},"93":{"start":{"line":371,"column":6},"end":{"line":371,"column":51}},"94":{"start":{"line":371,"column":34},"end":{"line":371,"column":51}},"95":{"start":{"line":372,"column":6},"end":{"line":372,"column":51}},"96":{"start":{"line":372,"column":34},"end":{"line":372,"column":51}},"97":{"start":{"line":373,"column":6},"end":{"line":373,"column":21}},"98":{"start":{"line":378,"column":4},"end":{"line":378,"column":41}},"99":{"start":{"line":378,"column":20},"end":{"line":378,"column":41}},"100":{"start":{"line":379,"column":4},"end":{"line":379,"column":41}},"101":{"start":{"line":379,"column":18},"end":{"line":379,"column":41}},"102":{"start":{"line":380,"column":4},"end":{"line":380,"column":38}},"103":{"start":{"line":380,"column":18},"end":{"line":380,"column":38}},"104":{"start":{"line":381,"column":4},"end":{"line":381,"column":19}},"105":{"start":{"line":28,"column":13},"end":{"line":28,"column":33}},"106":{"start":{"line":28,"column":13},"end":{"line":383,"column":null}}},"fnMap":{"0":{"name":"(anonymous_4)","decl":{"start":{"line":29,"column":2},"end":{"line":29,"column":null}},"loc":{"start":{"line":35,"column":44},"end":{"line":36,"column":6}}},"1":{"name":"(anonymous_5)","decl":{"start":{"line":51,"column":2},"end":{"line":51,"column":7}},"loc":{"start":{"line":51,"column":77},"end":{"line":63,"column":3}}},"2":{"name":"(anonymous_6)","decl":{"start":{"line":76,"column":2},"end":{"line":76,"column":7}},"loc":{"start":{"line":76,"column":30},"end":{"line":81,"column":3}}},"3":{"name":"(anonymous_7)","decl":{"start":{"line":96,"column":2},"end":{"line":96,"column":7}},"loc":{"start":{"line":96,"column":42},"end":{"line":106,"column":3}}},"4":{"name":"(anonymous_8)","decl":{"start":{"line":120,"column":2},"end":{"line":120,"column":7}},"loc":{"start":{"line":120,"column":33},"end":{"line":131,"column":3}}},"5":{"name":"(anonymous_9)","decl":{"start":{"line":147,"column":2},"end":{"line":147,"column":7}},"loc":{"start":{"line":147,"column":89},"end":{"line":159,"column":3}}},"6":{"name":"(anonymous_10)","decl":{"start":{"line":171,"column":2},"end":{"line":171,"column":7}},"loc":{"start":{"line":171,"column":41},"end":{"line":176,"column":3}}},"7":{"name":"(anonymous_11)","decl":{"start":{"line":179,"column":10},"end":{"line":179,"column":15}},"loc":{"start":{"line":179,"column":80},"end":{"line":256,"column":3}}},"8":{"name":"(anonymous_12)","decl":{"start":{"line":259,"column":10},"end":{"line":259,"column":22}},"loc":{"start":{"line":259,"column":53},"end":{"line":262,"column":3}}},"9":{"name":"(anonymous_13)","decl":{"start":{"line":264,"column":10},"end":{"line":264,"column":31}},"loc":{"start":{"line":264,"column":73},"end":{"line":266,"column":3}}},"10":{"name":"(anonymous_14)","decl":{"start":{"line":268,"column":10},"end":{"line":268,"column":37}},"loc":{"start":{"line":268,"column":84},"end":{"line":275,"column":3}}},"11":{"name":"(anonymous_15)","decl":{"start":{"line":277,"column":10},"end":{"line":277,"column":34}},"loc":{"start":{"line":277,"column":61},"end":{"line":279,"column":3}}},"12":{"name":"(anonymous_16)","decl":{"start":{"line":281,"column":10},"end":{"line":281,"column":37}},"loc":{"start":{"line":281,"column":67},"end":{"line":283,"column":3}}},"13":{"name":"(anonymous_17)","decl":{"start":{"line":285,"column":10},"end":{"line":285,"column":23}},"loc":{"start":{"line":285,"column":69},"end":{"line":291,"column":3}}},"14":{"name":"(anonymous_18)","decl":{"start":{"line":294,"column":10},"end":{"line":294,"column":22}},"loc":{"start":{"line":294,"column":82},"end":{"line":301,"column":3}}},"15":{"name":"(anonymous_19)","decl":{"start":{"line":303,"column":10},"end":{"line":303,"column":23}},"loc":{"start":{"line":303,"column":58},"end":{"line":305,"column":3}}},"16":{"name":"(anonymous_20)","decl":{"start":{"line":307,"column":10},"end":{"line":307,"column":33}},"loc":{"start":{"line":307,"column":75},"end":{"line":311,"column":3}}},"17":{"name":"(anonymous_21)","decl":{"start":{"line":313,"column":10},"end":{"line":313,"column":33}},"loc":{"start":{"line":313,"column":89},"end":{"line":322,"column":3}}},"18":{"name":"(anonymous_22)","decl":{"start":{"line":325,"column":10},"end":{"line":325,"column":15}},"loc":{"start":{"line":325,"column":42},"end":{"line":338,"column":3}}},"19":{"name":"(anonymous_23)","decl":{"start":{"line":341,"column":2},"end":{"line":341,"column":7}},"loc":{"start":{"line":341,"column":43},"end":{"line":357,"column":3}}},"20":{"name":"(anonymous_24)","decl":{"start":{"line":359,"column":10},"end":{"line":359,"column":28}},"loc":{"start":{"line":359,"column":70},"end":{"line":375,"column":3}}},"21":{"name":"(anonymous_25)","decl":{"start":{"line":377,"column":10},"end":{"line":377,"column":24}},"loc":{"start":{"line":377,"column":36},"end":{"line":382,"column":3}}}},"branchMap":{"0":{"loc":{"start":{"line":101,"column":4},"end":{"line":103,"column":5}},"type":"if","locations":[{"start":{"line":101,"column":4},"end":{"line":103,"column":5}}]},"1":{"loc":{"start":{"line":126,"column":4},"end":{"line":128,"column":5}},"type":"if","locations":[{"start":{"line":126,"column":4},"end":{"line":128,"column":5}}]},"2":{"loc":{"start":{"line":183,"column":4},"end":{"line":185,"column":5}},"type":"if","locations":[{"start":{"line":183,"column":4},"end":{"line":185,"column":5}}]},"3":{"loc":{"start":{"line":191,"column":4},"end":{"line":201,"column":5}},"type":"if","locations":[{"start":{"line":191,"column":4},"end":{"line":201,"column":5}}]},"4":{"loc":{"start":{"line":204,"column":4},"end":{"line":209,"column":5}},"type":"if","locations":[{"start":{"line":204,"column":4},"end":{"line":209,"column":5}}]},"5":{"loc":{"start":{"line":204,"column":8},"end":{"line":204,"column":74}},"type":"binary-expr","locations":[{"start":{"line":204,"column":8},"end":{"line":204,"column":40}},{"start":{"line":204,"column":44},"end":{"line":204,"column":74}}]},"6":{"loc":{"start":{"line":211,"column":4},"end":{"line":216,"column":5}},"type":"if","locations":[{"start":{"line":211,"column":4},"end":{"line":216,"column":5}}]},"7":{"loc":{"start":{"line":211,"column":8},"end":{"line":211,"column":55}},"type":"binary-expr","locations":[{"start":{"line":211,"column":8},"end":{"line":211,"column":40}},{"start":{"line":211,"column":44},"end":{"line":211,"column":55}}]},"8":{"loc":{"start":{"line":219,"column":4},"end":{"line":225,"column":5}},"type":"if","locations":[{"start":{"line":219,"column":4},"end":{"line":225,"column":5}}]},"9":{"loc":{"start":{"line":235,"column":42},"end":{"line":235,"column":67}},"type":"binary-expr","locations":[{"start":{"line":235,"column":42},"end":{"line":235,"column":60}},{"start":{"line":235,"column":64},"end":{"line":235,"column":67}}]},"10":{"loc":{"start":{"line":239,"column":4},"end":{"line":244,"column":5}},"type":"if","locations":[{"start":{"line":239,"column":4},"end":{"line":244,"column":5}}]},"11":{"loc":{"start":{"line":247,"column":4},"end":{"line":253,"column":5}},"type":"if","locations":[{"start":{"line":247,"column":4},"end":{"line":253,"column":5}}]},"12":{"loc":{"start":{"line":270,"column":4},"end":{"line":274,"column":5}},"type":"if","locations":[{"start":{"line":270,"column":4},"end":{"line":274,"column":5}},{"start":{"line":272,"column":11},"end":{"line":274,"column":5}}]},"13":{"loc":{"start":{"line":296,"column":4},"end":{"line":300,"column":5}},"type":"if","locations":[{"start":{"line":296,"column":4},"end":{"line":300,"column":5}},{"start":{"line":298,"column":11},"end":{"line":300,"column":5}}]},"14":{"loc":{"start":{"line":315,"column":4},"end":{"line":315,"column":40}},"type":"if","locations":[{"start":{"line":315,"column":4},"end":{"line":315,"column":40}}]},"15":{"loc":{"start":{"line":330,"column":4},"end":{"line":330,"column":27}},"type":"if","locations":[{"start":{"line":330,"column":4},"end":{"line":330,"column":27}}]},"16":{"loc":{"start":{"line":333,"column":14},"end":{"line":333,"column":32}},"type":"binary-expr","locations":[{"start":{"line":333,"column":14},"end":{"line":333,"column":25}},{"start":{"line":333,"column":29},"end":{"line":333,"column":32}}]},"17":{"loc":{"start":{"line":334,"column":11},"end":{"line":334,"column":25}},"type":"binary-expr","locations":[{"start":{"line":334,"column":11},"end":{"line":334,"column":19}},{"start":{"line":334,"column":23},"end":{"line":334,"column":25}}]},"18":{"loc":{"start":{"line":335,"column":14},"end":{"line":335,"column":35}},"type":"binary-expr","locations":[{"start":{"line":335,"column":14},"end":{"line":335,"column":25}},{"start":{"line":335,"column":29},"end":{"line":335,"column":35}}]},"19":{"loc":{"start":{"line":336,"column":21},"end":{"line":336,"column":56}},"type":"binary-expr","locations":[{"start":{"line":336,"column":21},"end":{"line":336,"column":49}},{"start":{"line":336,"column":53},"end":{"line":336,"column":56}}]},"20":{"loc":{"start":{"line":354,"column":73},"end":{"line":354,"column":102}},"type":"binary-expr","locations":[{"start":{"line":354,"column":73},"end":{"line":354,"column":92}},{"start":{"line":354,"column":96},"end":{"line":354,"column":102}}]},"21":{"loc":{"start":{"line":354,"column":73},"end":{"line":354,"column":92}},"type":"cond-expr","locations":[{"start":{"line":354,"column":84},"end":{"line":354,"column":86}},{"start":{"line":354,"column":84},"end":{"line":354,"column":92}}]},"22":{"loc":{"start":{"line":354,"column":73},"end":{"line":354,"column":86}},"type":"binary-expr","locations":[{"start":{"line":354,"column":73},"end":{"line":354,"column":86}},{"start":{"line":354,"column":84},"end":{"line":354,"column":86}}]},"23":{"loc":{"start":{"line":360,"column":4},"end":{"line":360,"column":45}},"type":"if","locations":[{"start":{"line":360,"column":4},"end":{"line":360,"column":45}}]},"24":{"loc":{"start":{"line":362,"column":4},"end":{"line":374,"column":5}},"type":"if","locations":[{"start":{"line":362,"column":4},"end":{"line":374,"column":5}},{"start":{"line":368,"column":11},"end":{"line":374,"column":5}}]},"25":{"loc":{"start":{"line":363,"column":6},"end":{"line":363,"column":56}},"type":"if","locations":[{"start":{"line":363,"column":6},"end":{"line":363,"column":56}}]},"26":{"loc":{"start":{"line":364,"column":6},"end":{"line":364,"column":52}},"type":"if","locations":[{"start":{"line":364,"column":6},"end":{"line":364,"column":52}}]},"27":{"loc":{"start":{"line":365,"column":6},"end":{"line":365,"column":51}},"type":"if","locations":[{"start":{"line":365,"column":6},"end":{"line":365,"column":51}}]},"28":{"loc":{"start":{"line":366,"column":6},"end":{"line":366,"column":51}},"type":"if","locations":[{"start":{"line":366,"column":6},"end":{"line":366,"column":51}}]},"29":{"loc":{"start":{"line":369,"column":6},"end":{"line":369,"column":57}},"type":"if","locations":[{"start":{"line":369,"column":6},"end":{"line":369,"column":57}}]},"30":{"loc":{"start":{"line":370,"column":6},"end":{"line":370,"column":52}},"type":"if","locations":[{"start":{"line":370,"column":6},"end":{"line":370,"column":52}}]},"31":{"loc":{"start":{"line":371,"column":6},"end":{"line":371,"column":51}},"type":"if","locations":[{"start":{"line":371,"column":6},"end":{"line":371,"column":51}}]},"32":{"loc":{"start":{"line":372,"column":6},"end":{"line":372,"column":51}},"type":"if","locations":[{"start":{"line":372,"column":6},"end":{"line":372,"column":51}}]},"33":{"loc":{"start":{"line":378,"column":4},"end":{"line":378,"column":41}},"type":"if","locations":[{"start":{"line":378,"column":4},"end":{"line":378,"column":41}}]},"34":{"loc":{"start":{"line":379,"column":4},"end":{"line":379,"column":41}},"type":"if","locations":[{"start":{"line":379,"column":4},"end":{"line":379,"column":41}}]},"35":{"loc":{"start":{"line":380,"column":4},"end":{"line":380,"column":38}},"type":"if","locations":[{"start":{"line":380,"column":4},"end":{"line":380,"column":38}}]}},"s":{"0":2,"1":2,"2":2,"3":2,"4":2,"5":2,"6":11,"7":11,"8":3,"9":3,"10":2,"11":1,"12":4,"13":4,"14":1,"15":3,"16":3,"17":3,"18":1,"19":2,"20":1,"21":1,"22":1,"23":1,"24":1,"25":1,"26":4,"27":4,"28":1,"29":3,"30":3,"31":1,"32":1,"33":3,"34":1,"35":3,"36":1,"37":3,"38":1,"39":3,"40":3,"41":3,"42":3,"43":1,"44":3,"45":1,"46":3,"47":3,"48":3,"49":1,"50":1,"51":1,"52":0,"53":1,"54":1,"55":1,"56":1,"57":1,"58":1,"59":3,"60":3,"61":0,"62":3,"63":1,"64":1,"65":1,"66":1,"67":0,"68":1,"69":1,"70":1,"71":4,"72":4,"73":1,"74":3,"75":1,"76":1,"77":1,"78":0,"79":1,"80":1,"81":0,"82":1,"83":0,"84":1,"85":1,"86":0,"87":0,"88":0,"89":0,"90":0,"91":0,"92":0,"93":0,"94":0,"95":0,"96":0,"97":0,"98":1,"99":0,"100":1,"101":1,"102":0,"103":0,"104":0,"105":2,"106":2},"f":{"0":11,"1":3,"2":1,"3":4,"4":3,"5":1,"6":1,"7":4,"8":3,"9":1,"10":1,"11":1,"12":1,"13":1,"14":3,"15":3,"16":1,"17":1,"18":4,"19":1,"20":1,"21":1},"b":{"0":[1],"1":[1],"2":[1],"3":[1],"4":[1],"5":[3,1],"6":[1],"7":[3,1],"8":[1],"9":[3,0],"10":[1],"11":[1],"12":[1,0],"13":[3,0],"14":[0],"15":[1],"16":[3,0],"17":[3,0],"18":[3,0],"19":[3,0],"20":[1,0],"21":[0,1],"22":[1,1],"23":[0],"24":[1,0],"25":[0],"26":[0],"27":[1],"28":[0],"29":[0],"30":[0],"31":[0],"32":[0],"33":[0],"34":[1],"35":[0]}}
,"/Users/csuftitan/Downloads/AdaptFitness/AdaptFitness/adaptfitness-backend/src/health-metrics/dto/create-health-metrics.dto.ts": {"path":"/Users/csuftitan/Downloads/AdaptFitness/AdaptFitness/adaptfitness-backend/src/health-metrics/dto/create-health-metrics.dto.ts","statementMap":{"0":{"start":{"line":1,"column":0},"end":{"line":1,"column":26}},"1":{"start":{"line":2,"column":0},"end":{"line":2,"column":75}},"2":{"start":{"line":3,"column":0},"end":{"line":3,"column":41}},"3":{"start":{"line":5,"column":0},"end":{"line":5,"column":13}},"4":{"start":{"line":8,"column":2},"end":{"line":8,"column":null}},"5":{"start":{"line":7,"column":14},"end":{"line":7,"column":20}},"6":{"start":{"line":15,"column":2},"end":{"line":15,"column":null}},"7":{"start":{"line":12,"column":14},"end":{"line":12,"column":20}},"8":{"start":{"line":21,"column":2},"end":{"line":21,"column":null}},"9":{"start":{"line":19,"column":14},"end":{"line":19,"column":20}},"10":{"start":{"line":28,"column":2},"end":{"line":28,"column":null}},"11":{"start":{"line":25,"column":14},"end":{"line":25,"column":20}},"12":{"start":{"line":34,"column":2},"end":{"line":34,"column":null}},"13":{"start":{"line":32,"column":14},"end":{"line":32,"column":20}},"14":{"start":{"line":40,"column":2},"end":{"line":40,"column":null}},"15":{"start":{"line":38,"column":14},"end":{"line":38,"column":20}},"16":{"start":{"line":46,"column":2},"end":{"line":46,"column":null}},"17":{"start":{"line":44,"column":14},"end":{"line":44,"column":20}},"18":{"start":{"line":52,"column":2},"end":{"line":52,"column":null}},"19":{"start":{"line":50,"column":14},"end":{"line":50,"column":20}},"20":{"start":{"line":58,"column":2},"end":{"line":58,"column":null}},"21":{"start":{"line":56,"column":14},"end":{"line":56,"column":20}},"22":{"start":{"line":64,"column":2},"end":{"line":64,"column":null}},"23":{"start":{"line":62,"column":14},"end":{"line":62,"column":20}},"24":{"start":{"line":68,"column":2},"end":{"line":68,"column":null}}},"fnMap":{"0":{"name":"(anonymous_2)","decl":{"start":{"line":7,"column":8},"end":{"line":7,"column":11}},"loc":{"start":{"line":7,"column":14},"end":{"line":7,"column":20}}},"1":{"name":"(anonymous_3)","decl":{"start":{"line":12,"column":8},"end":{"line":12,"column":11}},"loc":{"start":{"line":12,"column":14},"end":{"line":12,"column":20}}},"2":{"name":"(anonymous_4)","decl":{"start":{"line":19,"column":8},"end":{"line":19,"column":11}},"loc":{"start":{"line":19,"column":14},"end":{"line":19,"column":20}}},"3":{"name":"(anonymous_5)","decl":{"start":{"line":25,"column":8},"end":{"line":25,"column":11}},"loc":{"start":{"line":25,"column":14},"end":{"line":25,"column":20}}},"4":{"name":"(anonymous_6)","decl":{"start":{"line":32,"column":8},"end":{"line":32,"column":11}},"loc":{"start":{"line":32,"column":14},"end":{"line":32,"column":20}}},"5":{"name":"(anonymous_7)","decl":{"start":{"line":38,"column":8},"end":{"line":38,"column":11}},"loc":{"start":{"line":38,"column":14},"end":{"line":38,"column":20}}},"6":{"name":"(anonymous_8)","decl":{"start":{"line":44,"column":8},"end":{"line":44,"column":11}},"loc":{"start":{"line":44,"column":14},"end":{"line":44,"column":20}}},"7":{"name":"(anonymous_9)","decl":{"start":{"line":50,"column":8},"end":{"line":50,"column":11}},"loc":{"start":{"line":50,"column":14},"end":{"line":50,"column":20}}},"8":{"name":"(anonymous_10)","decl":{"start":{"line":56,"column":8},"end":{"line":56,"column":11}},"loc":{"start":{"line":56,"column":14},"end":{"line":56,"column":20}}},"9":{"name":"(anonymous_11)","decl":{"start":{"line":62,"column":8},"end":{"line":62,"column":11}},"loc":{"start":{"line":62,"column":14},"end":{"line":62,"column":20}}}},"branchMap":{},"s":{"0":2,"1":2,"2":2,"3":2,"4":2,"5":17,"6":2,"7":6,"8":2,"9":4,"10":2,"11":5,"12":2,"13":4,"14":2,"15":4,"16":2,"17":4,"18":2,"19":4,"20":2,"21":4,"22":2,"23":4,"24":2},"f":{"0":17,"1":6,"2":4,"3":5,"4":4,"5":4,"6":4,"7":4,"8":4,"9":4},"b":{}}
,"/Users/csuftitan/Downloads/AdaptFitness/AdaptFitness/adaptfitness-backend/src/health-metrics/dto/update-health-metrics.dto.ts": {"path":"/Users/csuftitan/Downloads/AdaptFitness/AdaptFitness/adaptfitness-backend/src/health-metrics/dto/update-health-metrics.dto.ts","statementMap":{"0":{"start":{"line":3,"column":0},"end":{"line":3,"column":13}}},"fnMap":{},"branchMap":{},"s":{"0":1},"f":{},"b":{}}
,"/Users/csuftitan/Downloads/AdaptFitness/AdaptFitness/adaptfitness-backend/src/meal/meal.controller.ts": {"path":"/Users/csuftitan/Downloads/AdaptFitness/AdaptFitness/adaptfitness-backend/src/meal/meal.controller.ts","statementMap":{"0":{"start":{"line":1,"column":0},"end":{"line":1,"column":108}},"1":{"start":{"line":2,"column":0},"end":{"line":2,"column":45}},"2":{"start":{"line":3,"column":0},"end":{"line":3,"column":61}},"3":{"start":{"line":4,"column":0},"end":{"line":4,"column":54}},"4":{"start":{"line":5,"column":0},"end":{"line":5,"column":54}},"5":{"start":{"line":22,"column":7},"end":{"line":56,"column":null}},"6":{"start":{"line":23,"column":31},"end":{"line":23,"column":44}},"7":{"start":{"line":27,"column":4},"end":{"line":27,"column":39}},"8":{"start":{"line":28,"column":4},"end":{"line":28,"column":50}},"9":{"start":{"line":33,"column":4},"end":{"line":33,"column":49}},"10":{"start":{"line":38,"column":4},"end":{"line":38,"column":78}},"11":{"start":{"line":43,"column":4},"end":{"line":43,"column":40}},"12":{"start":{"line":48,"column":4},"end":{"line":48,"column":51}},"13":{"start":{"line":53,"column":4},"end":{"line":53,"column":38}},"14":{"start":{"line":54,"column":4},"end":{"line":54,"column":52}},"15":{"start":{"line":22,"column":13},"end":{"line":22,"column":27}},"16":{"start":{"line":26,"column":8},"end":{"line":29,"column":null}},"17":{"start":{"line":32,"column":8},"end":{"line":34,"column":null}},"18":{"start":{"line":37,"column":8},"end":{"line":39,"column":null}},"19":{"start":{"line":42,"column":8},"end":{"line":44,"column":null}},"20":{"start":{"line":47,"column":8},"end":{"line":49,"column":null}},"21":{"start":{"line":52,"column":8},"end":{"line":55,"column":null}},"22":{"start":{"line":22,"column":13},"end":{"line":56,"column":null}}},"fnMap":{"0":{"name":"(anonymous_4)","decl":{"start":{"line":23,"column":2},"end":{"line":23,"column":31}},"loc":{"start":{"line":23,"column":55},"end":{"line":23,"column":59}}},"1":{"name":"(anonymous_5)","decl":{"start":{"line":26,"column":2},"end":{"line":26,"column":7}},"loc":{"start":{"line":26,"column":67},"end":{"line":29,"column":3}}},"2":{"name":"(anonymous_6)","decl":{"start":{"line":32,"column":2},"end":{"line":32,"column":7}},"loc":{"start":{"line":32,"column":30},"end":{"line":34,"column":3}}},"3":{"name":"(anonymous_7)","decl":{"start":{"line":37,"column":2},"end":{"line":37,"column":7}},"loc":{"start":{"line":37,"column":71},"end":{"line":39,"column":3}}},"4":{"name":"(anonymous_8)","decl":{"start":{"line":42,"column":2},"end":{"line":42,"column":7}},"loc":{"start":{"line":42,"column":55},"end":{"line":44,"column":3}}},"5":{"name":"(anonymous_9)","decl":{"start":{"line":47,"column":2},"end":{"line":47,"column":7}},"loc":{"start":{"line":47,"column":89},"end":{"line":49,"column":3}}},"6":{"name":"(anonymous_10)","decl":{"start":{"line":52,"column":2},"end":{"line":52,"column":7}},"loc":{"start":{"line":52,"column":54},"end":{"line":55,"column":3}}}},"branchMap":{},"s":{"0":0,"1":0,"2":0,"3":0,"4":0,"5":0,"6":0,"7":0,"8":0,"9":0,"10":0,"11":0,"12":0,"13":0,"14":0,"15":0,"16":0,"17":0,"18":0,"19":0,"20":0,"21":0,"22":0},"f":{"0":0,"1":0,"2":0,"3":0,"4":0,"5":0,"6":0},"b":{}}
,"/Users/csuftitan/Downloads/AdaptFitness/AdaptFitness/adaptfitness-backend/src/meal/meal.entity.ts": {"path":"/Users/csuftitan/Downloads/AdaptFitness/AdaptFitness/adaptfitness-backend/src/meal/meal.entity.ts","statementMap":{"0":{"start":{"line":10,"column":0},"end":{"line":10,"column":124}},"1":{"start":{"line":11,"column":0},"end":{"line":11,"column":43}},"2":{"start":{"line":14,"column":7},"end":{"line":89,"column":null}},"3":{"start":{"line":76,"column":4},"end":{"line":76,"column":43}},"4":{"start":{"line":76,"column":34},"end":{"line":76,"column":43}},"5":{"start":{"line":77,"column":4},"end":{"line":77,"column":83}},"6":{"start":{"line":81,"column":4},"end":{"line":81,"column":43}},"7":{"start":{"line":81,"column":34},"end":{"line":81,"column":43}},"8":{"start":{"line":82,"column":4},"end":{"line":82,"column":81}},"9":{"start":{"line":86,"column":4},"end":{"line":86,"column":43}},"10":{"start":{"line":86,"column":34},"end":{"line":86,"column":43}},"11":{"start":{"line":87,"column":4},"end":{"line":87,"column":79}},"12":{"start":{"line":14,"column":13},"end":{"line":14,"column":17}},"13":{"start":{"line":16,"column":2},"end":{"line":16,"column":null}},"14":{"start":{"line":19,"column":2},"end":{"line":19,"column":null}},"15":{"start":{"line":22,"column":2},"end":{"line":22,"column":null}},"16":{"start":{"line":25,"column":2},"end":{"line":25,"column":null}},"17":{"start":{"line":28,"column":2},"end":{"line":28,"column":null}},"18":{"start":{"line":31,"column":2},"end":{"line":31,"column":null}},"19":{"start":{"line":34,"column":2},"end":{"line":34,"column":null}},"20":{"start":{"line":37,"column":2},"end":{"line":37,"column":null}},"21":{"start":{"line":40,"column":2},"end":{"line":40,"column":null}},"22":{"start":{"line":43,"column":2},"end":{"line":43,"column":null}},"23":{"start":{"line":46,"column":2},"end":{"line":46,"column":null}},"24":{"start":{"line":53,"column":2},"end":{"line":53,"column":null}},"25":{"start":{"line":56,"column":2},"end":{"line":56,"column":null}},"26":{"start":{"line":59,"column":2},"end":{"line":59,"column":null}},"27":{"start":{"line":63,"column":2},"end":{"line":63,"column":null}},"28":{"start":{"line":61,"column":19},"end":{"line":61,"column":23}},"29":{"start":{"line":61,"column":33},"end":{"line":61,"column":43}},"30":{"start":{"line":66,"column":2},"end":{"line":66,"column":null}},"31":{"start":{"line":69,"column":2},"end":{"line":69,"column":null}},"32":{"start":{"line":72,"column":2},"end":{"line":72,"column":null}},"33":{"start":{"line":14,"column":13},"end":{"line":89,"column":null}}},"fnMap":{"0":{"name":"(anonymous_2)","decl":{"start":{"line":75,"column":2},"end":{"line":75,"column":6}},"loc":{"start":{"line":75,"column":23},"end":{"line":78,"column":3}}},"1":{"name":"(anonymous_3)","decl":{"start":{"line":80,"column":2},"end":{"line":80,"column":6}},"loc":{"start":{"line":80,"column":21},"end":{"line":83,"column":3}}},"2":{"name":"(anonymous_4)","decl":{"start":{"line":85,"column":2},"end":{"line":85,"column":6}},"loc":{"start":{"line":85,"column":19},"end":{"line":88,"column":3}}},"3":{"name":"(anonymous_5)","decl":{"start":{"line":61,"column":13},"end":{"line":61,"column":16}},"loc":{"start":{"line":61,"column":19},"end":{"line":61,"column":23}}},"4":{"name":"(anonymous_6)","decl":{"start":{"line":61,"column":25},"end":{"line":61,"column":29}},"loc":{"start":{"line":61,"column":33},"end":{"line":61,"column":43}}}},"branchMap":{"0":{"loc":{"start":{"line":76,"column":4},"end":{"line":76,"column":43}},"type":"if","locations":[{"start":{"line":76,"column":4},"end":{"line":76,"column":43}}]},"1":{"loc":{"start":{"line":81,"column":4},"end":{"line":81,"column":43}},"type":"if","locations":[{"start":{"line":81,"column":4},"end":{"line":81,"column":43}}]},"2":{"loc":{"start":{"line":86,"column":4},"end":{"line":86,"column":43}},"type":"if","locations":[{"start":{"line":86,"column":4},"end":{"line":86,"column":43}}]}},"s":{"0":5,"1":5,"2":5,"3":0,"4":0,"5":0,"6":0,"7":0,"8":0,"9":0,"10":0,"11":0,"12":5,"13":5,"14":5,"15":5,"16":5,"17":5,"18":5,"19":5,"20":5,"21":5,"22":5,"23":5,"24":5,"25":5,"26":5,"27":5,"28":0,"29":0,"30":5,"31":5,"32":5,"33":5},"f":{"0":0,"1":0,"2":0,"3":0,"4":0},"b":{"0":[0],"1":[0],"2":[0]}}
,"/Users/csuftitan/Downloads/AdaptFitness/AdaptFitness/adaptfitness-backend/src/meal/meal.module.ts": {"path":"/Users/csuftitan/Downloads/AdaptFitness/AdaptFitness/adaptfitness-backend/src/meal/meal.module.ts","statementMap":{"0":{"start":{"line":10,"column":0},"end":{"line":10,"column":40}},"1":{"start":{"line":11,"column":0},"end":{"line":11,"column":48}},"2":{"start":{"line":12,"column":0},"end":{"line":12,"column":37}},"3":{"start":{"line":13,"column":0},"end":{"line":13,"column":45}},"4":{"start":{"line":14,"column":0},"end":{"line":14,"column":51}},"5":{"start":{"line":15,"column":0},"end":{"line":15,"column":49}},"6":{"start":{"line":16,"column":0},"end":{"line":16,"column":49}},"7":{"start":{"line":27,"column":7},"end":{"line":27,"column":null}},"8":{"start":{"line":27,"column":13},"end":{"line":27,"column":23}},"9":{"start":{"line":27,"column":13},"end":{"line":27,"column":null}}},"fnMap":{},"branchMap":{},"s":{"0":0,"1":0,"2":0,"3":0,"4":0,"5":0,"6":0,"7":0,"8":0,"9":0},"f":{},"b":{}}
[...]
,"/Users/csuftitan/Downloads/AdaptFitness/AdaptFitness/adaptfitness-backend/src/workout/workout.module.ts": {"path":"/Users/csuftitan/Downloads/AdaptFitness/AdaptFitness/adaptfitness-backend/src/workout/workout.module.ts","statementMap":{"0":{"start":{"line":13,"column":0},"end":{"line":13,"column":40}},"1":{"start":{"line":14,"column":0},"end":{"line":14,"column":48}},"2":{"start":{"line":15,"column":0},"end":{"line":15,"column":43}},"3":{"start":{"line":16,"column":0},"end":{"line":16,"column":51}},"4":{"start":{"line":17,"column":0},"end":{"line":17,"column":57}},"5":{"start":{"line":18,"column":0},"end":{"line":18,"column":49}},"6":{"start":{"line":19,"column":0},"end":{"line":19,"column":49}},"7":{"start":{"line":30,"column":7},"end":{"line":30,"column":null}},"8":{"start":{"line":30,"column":13},"end":{"line":30,"column":26}},"9":{"start":{"line":30,"column":13},"end":{"line":30,"column":null}}},"fnMap":{},"branchMap":{},"s":{"0":0,"1":0,"2":0,"3":0,"4":0,"5":0,"6":0,"7":0,"8":0,"9":0},"f":{},"b":{}}
,"/Users/csuftitan/Downloads/AdaptFitness/AdaptFitness/adaptfitness-backend/src/workout/workout.service.ts": {"path":"/Users/csuftitan/Downloads/AdaptFitness/AdaptFitness/adaptfitness-backend/src/workout/workout.service.ts","statementMap":{"0":{"start":{"line":1,"column":0},"end":{"line":1,"column":84}},"1":{"start":{"line":2,"column":0},"end":{"line":2,"column":51}},"2":{"start":{"line":3,"column":0},"end":{"line":3,"column":37}},"3":{"start":{"line":4,"column":0},"end":{"line":4,"column":43}},"4":{"start":{"line":22,"column":7},"end":{"line":233,"column":null}},"5":{"start":{"line":25,"column":12},"end":{"line":25,"column":31}},"6":{"start":{"line":34,"column":4},"end":{"line":36,"column":5}},"7":{"start":{"line":35,"column":6},"end":{"line":35,"column":65}},"8":{"start":{"line":37,"column":4},"end":{"line":39,"column":5}},"9":{"start":{"line":38,"column":6},"end":{"line":38,"column":71}},"10":{"start":{"line":40,"column":4},"end":{"line":42,"column":5}},"11":{"start":{"line":41,"column":6},"end":{"line":41,"column":81}},"12":{"start":{"line":43,"column":4},"end":{"line":45,"column":5}},"13":{"start":{"line":44,"column":6},"end":{"line":44,"column":74}},"14":{"start":{"line":46,"column":4},"end":{"line":48,"column":5}},"15":{"start":{"line":47,"column":6},"end":{"line":47,"column":81}},"16":{"start":{"line":57,"column":4},"end":{"line":59,"column":5}},"17":{"start":{"line":58,"column":6},"end":{"line":58,"column":69}},"18":{"start":{"line":60,"column":4},"end":{"line":62,"column":5}},"19":{"start":{"line":61,"column":6},"end":{"line":61,"column":81}},"20":{"start":{"line":63,"column":4},"end":{"line":65,"column":5}},"21":{"start":{"line":64,"column":6},"end":{"line":64,"column":74}},"22":{"start":{"line":74,"column":4},"end":{"line":74,"column":52}},"23":{"start":{"line":75,"column":20},"end":{"line":75,"column":67}},"24":{"start":{"line":76,"column":4},"end":{"line":76,"column":54}},"25":{"start":{"line":85,"column":4},"end":{"line":88,"column":7}},"26":{"start":{"line":98,"column":20},"end":{"line":101,"column":6}},"27":{"start":{"line":103,"column":4},"end":{"line":105,"column":5}},"28":{"start":{"line":104,"column":6},"end":{"line":104,"column":69}},"29":{"start":{"line":107,"column":4},"end":{"line":107,"column":19}},"30":{"start":{"line":118,"column":4},"end":{"line":118,"column":52}},"31":{"start":{"line":119,"column":20},"end":{"line":119,"column":42}},"32":{"start":{"line":121,"column":4},"end":{"line":121,"column":45}},"33":{"start":{"line":122,"column":4},"end":{"line":122,"column":54}},"34":{"start":{"line":131,"column":20},"end":{"line":131,"column":42}},"35":{"start":{"line":132,"column":4},"end":{"line":132,"column":49}},"36":{"start":{"line":142,"column":21},"end":{"line":145,"column":6}},"37":{"start":{"line":147,"column":4},"end":{"line":149,"column":5}},"38":{"start":{"line":148,"column":6},"end":{"line":148,"column":50}},"39":{"start":{"line":151,"column":26},"end":{"line":151,"column":43}},"40":{"start":{"line":152,"column":21},"end":{"line":152,"column":73}},"41":{"start":{"line":153,"column":17},"end":{"line":153,"column":18}},"42":{"start":{"line":154,"column":25},"end":{"line":154,"column":33}},"43":{"start":{"line":157,"column":28},"end":{"line":158,"column":null}},"44":{"start":{"line":158,"column":6},"end":{"line":158,"column":99}},"45":{"start":{"line":161,"column":4},"end":{"line":164,"column":5}},"46":{"start":{"line":163,"column":6},"end":{"line":163,"column":63}},"47":{"start":{"line":167,"column":4},"end":{"line":178,"column":5}},"48":{"start":{"line":167,"column":23},"end":{"line":167,"column":24}},"49":{"start":{"line":168,"column":22},"end":{"line":168,"column":67}},"50":{"start":{"line":169,"column":31},"end":{"line":170,"column":null}},"51":{"start":{"line":170,"column":8},"end":{"line":170,"column":100}},"52":{"start":{"line":173,"column":6},"end":{"line":177,"column":7}},"53":{"start":{"line":174,"column":8},"end":{"line":174,"column":17}},"54":{"start":{"line":176,"column":8},"end":{"line":176,"column":14}},"55":{"start":{"line":181,"column":24},"end":{"line":181,"column":67}},"56":{"start":{"line":181,"column":49},"end":{"line":181,"column":66}},"57":{"start":{"line":182,"column":28},"end":{"line":183,"column":76}},"58":{"start":{"line":185,"column":4},"end":{"line":185,"column":39}},"59":{"start":{"line":195,"column":4},"end":{"line":214,"column":5}},"60":{"start":{"line":196,"column":24},"end":{"line":201,"column":8}},"61":{"start":{"line":203,"column":20},"end":{"line":203,"column":49}},"62":{"start":{"line":204,"column":19},"end":{"line":204,"column":70}},"63":{"start":{"line":204,"column":35},"end":{"line":204,"column":52}},"64":{"start":{"line":205,"column":20},"end":{"line":205,"column":70}},"65":{"start":{"line":205,"column":36},"end":{"line":205,"column":54}},"66":{"start":{"line":206,"column":18},"end":{"line":206,"column":66}},"67":{"start":{"line":206,"column":34},"end":{"line":206,"column":50}},"68":{"start":{"line":207,"column":6},"end":{"line":207,"column":39}},"69":{"start":{"line":210,"column":19},"end":{"line":210,"column":40}},"70":{"start":{"line":211,"column":20},"end":{"line":211,"column":67}},"71":{"start":{"line":212,"column":18},"end":{"line":212,"column":60}},"72":{"start":{"line":213,"column":6},"end":{"line":213,"column":39}},"73":{"start":{"line":225,"column":16},"end":{"line":225,"column":26}},"74":{"start":{"line":226,"column":21},"end":{"line":226,"column":61}},"75":{"start":{"line":227,"column":22},"end":{"line":227,"column":53}},"76":{"start":{"line":229,"column":17},"end":{"line":229,"column":38}},"77":{"start":{"line":230,"column":20},"end":{"line":230,"column":76}},"78":{"start":{"line":231,"column":4},"end":{"line":231,"column":56}},"79":{"start":{"line":22,"column":13},"end":{"line":22,"column":27}},"80":{"start":{"line":22,"column":13},"end":{"line":233,"column":null}}},"fnMap":{"0":{"name":"(anonymous_4)","decl":{"start":{"line":23,"column":2},"end":{"line":23,"column":null}},"loc":{"start":{"line":25,"column":50},"end":{"line":26,"column":6}}},"1":{"name":"(anonymous_5)","decl":{"start":{"line":33,"column":10},"end":{"line":33,"column":34}},"loc":{"start":{"line":33,"column":56},"end":{"line":49,"column":3}}},"2":{"name":"(anonymous_6)","decl":{"start":{"line":56,"column":10},"end":{"line":56,"column":34}},"loc":{"start":{"line":56,"column":56},"end":{"line":66,"column":3}}},"3":{"name":"(anonymous_7)","decl":{"start":{"line":73,"column":2},"end":{"line":73,"column":7}},"loc":{"start":{"line":73,"column":49},"end":{"line":77,"column":3}}},"4":{"name":"(anonymous_8)","decl":{"start":{"line":84,"column":2},"end":{"line":84,"column":7}},"loc":{"start":{"line":84,"column":30},"end":{"line":89,"column":3}}},"5":{"name":"(anonymous_9)","decl":{"start":{"line":97,"column":2},"end":{"line":97,"column":7}},"loc":{"start":{"line":97,"column":26},"end":{"line":108,"column":3}}},"6":{"name":"(anonymous_10)","decl":{"start":{"line":117,"column":2},"end":{"line":117,"column":7}},"loc":{"start":{"line":117,"column":61},"end":{"line":123,"column":3}}},"7":{"name":"(anonymous_11)","decl":{"start":{"line":130,"column":2},"end":{"line":130,"column":7}},"loc":{"start":{"line":130,"column":25},"end":{"line":133,"column":3}}},"8":{"name":"(anonymous_12)","decl":{"start":{"line":141,"column":2},"end":{"line":141,"column":7}},"loc":{"start":{"line":141,"column":68},"end":{"line":186,"column":3}}},"9":{"name":"(anonymous_13)","decl":{"start":{"line":157,"column":42},"end":{"line":157,"column":49}},"loc":{"start":{"line":158,"column":6},"end":{"line":158,"column":99}}},"10":{"name":"(anonymous_14)","decl":{"start":{"line":169,"column":45},"end":{"line":169,"column":52}},"loc":{"start":{"line":170,"column":8},"end":{"line":170,"column":100}}},"11":{"name":"(anonymous_15)","decl":{"start":{"line":181,"column":38},"end":{"line":181,"column":45}},"loc":{"start":{"line":181,"column":49},"end":{"line":181,"column":66}}},"12":{"name":"(anonymous_16)","decl":{"start":{"line":194,"column":10},"end":{"line":194,"column":30}},"loc":{"start":{"line":194,"column":59},"end":{"line":215,"column":3}}},"13":{"name":"(anonymous_17)","decl":{"start":{"line":204,"column":30},"end":{"line":204,"column":31}},"loc":{"start":{"line":204,"column":35},"end":{"line":204,"column":52}}},"14":{"name":"(anonymous_18)","decl":{"start":{"line":205,"column":31},"end":{"line":205,"column":32}},"loc":{"start":{"line":205,"column":36},"end":{"line":205,"column":54}}},"15":{"name":"(anonymous_19)","decl":{"start":{"line":206,"column":29},"end":{"line":206,"column":30}},"loc":{"start":{"line":206,"column":34},"end":{"line":206,"column":50}}},"16":{"name":"(anonymous_20)","decl":{"start":{"line":223,"column":10},"end":{"line":223,"column":26}},"loc":{"start":{"line":223,"column":60},"end":{"line":232,"column":3}}}},"branchMap":{"0":{"loc":{"start":{"line":34,"column":4},"end":{"line":36,"column":5}},"type":"if","locations":[{"start":{"line":34,"column":4},"end":{"line":36,"column":5}}]},"1":{"loc":{"start":{"line":34,"column":8},"end":{"line":34,"column":49}},"type":"binary-expr","locations":[{"start":{"line":34,"column":8},"end":{"line":34,"column":17}},{"start":{"line":34,"column":21},"end":{"line":34,"column":49}}]},"2":{"loc":{"start":{"line":37,"column":4},"end":{"line":39,"column":5}},"type":"if","locations":[{"start":{"line":37,"column":4},"end":{"line":39,"column":5}}]},"3":{"loc":{"start":{"line":40,"column":4},"end":{"line":42,"column":5}},"type":"if","locations":[{"start":{"line":40,"column":4},"end":{"line":42,"column":5}}]},"4":{"loc":{"start":{"line":40,"column":8},"end":{"line":40,"column":76}},"type":"binary-expr","locations":[{"start":{"line":40,"column":8},"end":{"line":40,"column":45}},{"start":{"line":40,"column":49},"end":{"line":40,"column":76}}]},"5":{"loc":{"start":{"line":43,"column":4},"end":{"line":45,"column":5}},"type":"if","locations":[{"start":{"line":43,"column":4},"end":{"line":45,"column":5}}]},"6":{"loc":{"start":{"line":43,"column":8},"end":{"line":43,"column":64}},"type":"binary-expr","locations":[{"start":{"line":43,"column":8},"end":{"line":43,"column":39}},{"start":{"line":43,"column":43},"end":{"line":43,"column":64}}]},"7":{"loc":{"start":{"line":46,"column":4},"end":{"line":48,"column":5}},"type":"if","locations":[{"start":{"line":46,"column":4},"end":{"line":48,"column":5}}]},"8":{"loc":{"start":{"line":46,"column":8},"end":{"line":46,"column":53}},"type":"binary-expr","locations":[{"start":{"line":46,"column":8},"end":{"line":46,"column":19}},{"start":{"line":46,"column":23},"end":{"line":46,"column":53}}]},"9":{"loc":{"start":{"line":57,"column":4},"end":{"line":59,"column":5}},"type":"if","locations":[{"start":{"line":57,"column":4},"end":{"line":59,"column":5}}]},"10":{"loc":{"start":{"line":57,"column":8},"end":{"line":57,"column":62}},"type":"binary-expr","locations":[{"start":{"line":57,"column":8},"end":{"line":57,"column":30}},{"start":{"line":57,"column":34},"end":{"line":57,"column":62}}]},"11":{"loc":{"start":{"line":60,"column":4},"end":{"line":62,"column":5}},"type":"if","locations":[{"start":{"line":60,"column":4},"end":{"line":62,"column":5}}]},"12":{"loc":{"start":{"line":60,"column":8},"end":{"line":60,"column":76}},"type":"binary-expr","locations":[{"start":{"line":60,"column":8},"end":{"line":60,"column":45}},{"start":{"line":60,"column":49},"end":{"line":60,"column":76}}]},"13":{"loc":{"start":{"line":63,"column":4},"end":{"line":65,"column":5}},"type":"if","locations":[{"start":{"line":63,"column":4},"end":{"line":65,"column":5}}]},"14":{"loc":{"start":{"line":63,"column":8},"end":{"line":63,"column":64}},"type":"binary-expr","locations":[{"start":{"line":63,"column":8},"end":{"line":63,"column":39}},{"start":{"line":63,"column":43},"end":{"line":63,"column":64}}]},"15":{"loc":{"start":{"line":103,"column":4},"end":{"line":105,"column":5}},"type":"if","locations":[{"start":{"line":103,"column":4},"end":{"line":105,"column":5}}]},"16":{"loc":{"start":{"line":147,"column":4},"end":{"line":149,"column":5}},"type":"if","locations":[{"start":{"line":147,"column":4},"end":{"line":149,"column":5}}]},"17":{"loc":{"start":{"line":151,"column":26},"end":{"line":151,"column":43}},"type":"binary-expr","locations":[{"start":{"line":151,"column":26},"end":{"line":151,"column":34}},{"start":{"line":151,"column":38},"end":{"line":151,"column":43}}]},"18":{"loc":{"start":{"line":158,"column":6},"end":{"line":158,"column":99}},"type":"binary-expr","locations":[{"start":{"line":158,"column":6},"end":{"line":158,"column":23}},{"start":{"line":158,"column":27},"end":{"line":158,"column":99}}]},"19":{"loc":{"start":{"line":161,"column":4},"end":{"line":164,"column":5}},"type":"if","locations":[{"start":{"line":161,"column":4},"end":{"line":164,"column":5}}]},"20":{"loc":{"start":{"line":170,"column":8},"end":{"line":170,"column":100}},"type":"binary-expr","locations":[{"start":{"line":170,"column":8},"end":{"line":170,"column":25}},{"start":{"line":170,"column":29},"end":{"line":170,"column":100}}]},"21":{"loc":{"start":{"line":173,"column":6},"end":{"line":177,"column":7}},"type":"if","locations":[{"start":{"line":173,"column":6},"end":{"line":177,"column":7}},{"start":{"line":175,"column":13},"end":{"line":177,"column":7}}]},"22":{"loc":{"start":{"line":182,"column":28},"end":{"line":183,"column":76}},"type":"cond-expr","locations":[{"start":{"line":183,"column":6},"end":{"line":183,"column":69}},{"start":{"line":183,"column":72},"end":{"line":183,"column":76}}]},"23":{"loc":{"start":{"line":204,"column":19},"end":{"line":204,"column":70}},"type":"cond-expr","locations":[{"start":{"line":204,"column":60},"end":{"line":204,"column":64}},{"start":{"line":204,"column":64},"end":{"line":204,"column":70}}]},"24":{"loc":{"start":{"line":204,"column":19},"end":{"line":204,"column":64}},"type":"binary-expr","locations":[{"start":{"line":204,"column":19},"end":{"line":204,"column":64}},{"start":{"line":204,"column":60},"end":{"line":204,"column":64}}]},"25":{"loc":{"start":{"line":204,"column":19},"end":{"line":204,"column":60}},"type":"cond-expr","locations":[{"start":{"line":204,"column":53},"end":{"line":204,"column":55}},{"start":{"line":204,"column":53},"end":{"line":204,"column":60}}]},"26":{"loc":{"start":{"line":204,"column":19},"end":{"line":204,"column":55}},"type":"binary-expr","locations":[{"start":{"line":204,"column":19},"end":{"line":204,"column":55}},{"start":{"line":204,"column":53},"end":{"line":204,"column":55}}]},"27":{"loc":{"start":{"line":205,"column":20},"end":{"line":205,"column":70}},"type":"cond-expr","locations":[{"start":{"line":205,"column":62},"end":{"line":205,"column":66}},{"start":{"line":205,"column":66},"end":{"line":205,"column":70}}]},"28":{"loc":{"start":{"line":205,"column":20},"end":{"line":205,"column":66}},"type":"binary-expr","locations":[{"start":{"line":205,"column":20},"end":{"line":205,"column":66}},{"start":{"line":205,"column":62},"end":{"line":205,"column":66}}]},"29":{"loc":{"start":{"line":205,"column":20},"end":{"line":205,"column":62}},"type":"cond-expr","locations":[{"start":{"line":205,"column":55},"end":{"line":205,"column":57}},{"start":{"line":205,"column":55},"end":{"line":205,"column":62}}]},"30":{"loc":{"start":{"line":205,"column":20},"end":{"line":205,"column":57}},"type":"binary-expr","locations":[{"start":{"line":205,"column":20},"end":{"line":205,"column":57}},{"start":{"line":205,"column":55},"end":{"line":205,"column":57}}]},"31":{"loc":{"start":{"line":206,"column":18},"end":{"line":206,"column":66}},"type":"cond-expr","locations":[{"start":{"line":206,"column":58},"end":{"line":206,"column":62}},{"start":{"line":206,"column":62},"end":{"line":206,"column":66}}]},"32":{"loc":{"start":{"line":206,"column":18},"end":{"line":206,"column":62}},"type":"binary-expr","locations":[{"start":{"line":206,"column":18},"end":{"line":206,"column":62}},{"start":{"line":206,"column":58},"end":{"line":206,"column":62}}]},"33":{"loc":{"start":{"line":206,"column":18},"end":{"line":206,"column":58}},"type":"cond-expr","locations":[{"start":{"line":206,"column":51},"end":{"line":206,"column":53}},{"start":{"line":206,"column":51},"end":{"line":206,"column":58}}]},"34":{"loc":{"start":{"line":206,"column":18},"end":{"line":206,"column":53}},"type":"binary-expr","locations":[{"start":{"line":206,"column":18},"end":{"line":206,"column":53}},{"start":{"line":206,"column":51},"end":{"line":206,"column":53}}]}},"s":{"0":1,"1":1,"2":1,"3":1,"4":1,"5":20,"6":1,"7":0,"8":1,"9":0,"10":1,"11":0,"12":1,"13":0,"14":1,"15":0,"16":1,"17":0,"18":1,"19":0,"20":1,"21":0,"22":1,"23":1,"24":1,"25":1,"26":4,"27":4,"28":1,"29":3,"30":1,"31":1,"32":1,"33":1,"34":1,"35":1,"36":14,"37":14,"38":1,"39":13,"40":13,"41":13,"42":13,"43":13,"44":14,"45":13,"46":2,"47":13,"48":13,"49":26,"50":26,"51":34,"52":26,"53":13,"54":13,"55":13,"56":13,"57":13,"58":13,"59":130,"60":130,"61":112,"62":112,"63":112,"64":112,"65":336,"66":112,"67":560,"68":112,"69":18,"70":18,"71":18,"72":18,"73":28,"74":28,"75":28,"76":28,"77":28,"78":28,"79":1,"80":1},"f":{"0":20,"1":1,"2":1,"3":1,"4":1,"5":4,"6":1,"7":1,"8":14,"9":14,"10":34,"11":13,"12":130,"13":112,"14":336,"15":560,"16":28},"b":{"0":[0],"1":[1,1],"2":[0],"3":[0],"4":[1,0],"5":[0],"6":[1,0],"7":[0],"8":[1,1],"9":[0],"10":[1,0],"11":[0],"12":[1,0],"13":[0],"14":[1,0],"15":[1],"16":[1],"17":[13,1],"18":[14,14],"19":[2],"20":[34,34],"21":[13,13],"22":[13,0],"23":[112,0],"24":[112,112],"25":[0,112],"26":[112,112],"27":[112,0],"28":[112,112],"29":[0,112],"30":[112,112],"31":[112,0],"32":[112,112],"33":[0,112],"34":[112,112]}}
,"/Users/csuftitan/Downloads/AdaptFitness/AdaptFitness/adaptfitness-backend/src/workout/dto/create-workout.dto.ts": {"path":"/Users/csuftitan/Downloads/AdaptFitness/AdaptFitness/adaptfitness-backend/src/workout/dto/create-workout.dto.ts","statementMap":{"0":{"start":{"line":12,"column":0},"end":{"line":12,"column":13}}},"fnMap":{},"branchMap":{},"s":{"0":0},"f":{},"b":{}}
,"/Users/csuftitan/Downloads/AdaptFitness/AdaptFitness/adaptfitness-backend/src/workout/dto/update-workout.dto.ts": {"path":"/Users/csuftitan/Downloads/AdaptFitness/AdaptFitness/adaptfitness-backend/src/workout/dto/update-workout.dto.ts","statementMap":{"0":{"start":{"line":12,"column":0},"end":{"line":12,"column":13}}},"fnMap":{},"branchMap":{},"s":{"0":0},"f":{},"b":{}}
}
