TN:
SF:src/app.controller.ts
FN:19,(anonymous_2)
FN:41,(anonymous_3)
FN:71,(anonymous_4)
FNF:3
FNH:0
FNDA:0,(anonymous_2)
FNDA:0,(anonymous_3)
FNDA:0,(anonymous_4)
DA:13,0
DA:14,0
DA:18,0
DA:19,0
DA:41,0
DA:42,0
DA:71,0
DA:72,0
LF:8
LH:0
BRF:0
BRH:0
end_of_record
TN:
SF:src/app.module.ts
FNF:0
FNH:0
DA:16,0
DA:17,0
DA:18,0
DA:19,0
DA:20,0
DA:21,0
DA:22,0
DA:23,0
DA:24,0
DA:25,0
DA:26,0
DA:27,0
DA:28,0
DA:82,0
LF:14
LH:0
BRDA:44,0,0,0
BRDA:44,0,1,0
BRDA:45,1,0,0
BRDA:45,1,1,0
BRDA:45,2,0,0
BRDA:45,2,1,0
BRDA:46,3,0,0
BRDA:46,3,1,0
BRDA:47,4,0,0
BRDA:47,4,1,0
BRDA:48,5,0,0
BRDA:48,5,1,0
BRDA:61,6,0,0
BRDA:61,6,1,0
BRDA:62,7,0,0
BRDA:62,7,1,0
BRF:16
BRH:0
end_of_record
TN:
SF:src/app.service.ts
FN:32,(anonymous_1)
FN:54,(anonymous_2)
FNF:2
FNH:0
FNDA:0,(anonymous_1)
FNDA:0,(anonymous_2)
DA:14,0
DA:18,0
DA:33,0
DA:55,0
LF:4
LH:0
BRF:0
BRH:0
end_of_record
TN:
SF:src/main.ts
FN:33,bootstrap
FNF:1
FNH:0
FNDA:0,bootstrap
DA:16,0
DA:17,0
DA:18,0
DA:35,0
DA:39,0
DA:48,0
DA:55,0
DA:58,0
DA:61,0
DA:62,0
DA:66,0
LF:11
LH:0
BRDA:41,0,0,0
BRDA:41,0,1,0
BRDA:55,1,0,0
BRDA:55,1,1,0
BRF:4
BRH:0
end_of_record
TN:
SF:src/auth/auth.controller.ts
FN:23,(anonymous_4)
FN:52,(anonymous_5)
FN:88,(anonymous_6)
FN:110,(anonymous_7)
FN:144,(anonymous_8)
FNF:5
FNH:0
FNDA:0,(anonymous_4)
FNDA:0,(anonymous_5)
FNDA:0,(anonymous_6)
FNDA:0,(anonymous_7)
FNDA:0,(anonymous_8)
DA:15,0
DA:16,0
DA:17,0
DA:18,0
DA:22,0
DA:23,0
DA:52,0
DA:53,0
DA:88,0
DA:89,0
DA:110,0
DA:111,0
DA:144,0
DA:145,0
LF:14
LH:0
BRF:0
BRH:0
end_of_record
TN:
SF:src/auth/auth.module.ts
FNF:0
FNH:0
DA:14,0
DA:15,0
DA:16,0
DA:17,0
DA:18,0
DA:19,0
DA:20,0
DA:47,0
LF:8
LH:0
BRDA:33,0,0,0
BRDA:33,0,1,0
BRDA:34,1,0,0
BRDA:34,1,1,0
BRF:4
BRH:0
end_of_record
TN:
SF:src/auth/auth.service.ts
FN:24,(anonymous_11)
FN:45,(anonymous_12)
FN:75,(anonymous_13)
FN:118,(anonymous_14)
FN:168,(anonymous_15)
FNF:5
FNH:0
FNDA:0,(anonymous_11)
FNDA:0,(anonymous_12)
FNDA:0,(anonymous_13)
FNDA:0,(anonymous_14)
FNDA:0,(anonymous_15)
DA:15,0
DA:16,0
DA:17,0
DA:19,0
DA:23,0
DA:25,0
DA:26,0
DA:47,0
DA:50,0
DA:52,0
DA:53,0
DA:57,0
DA:77,0
DA:80,0
DA:81,0
DA:85,0
DA:91,0
DA:119,0
DA:121,0
DA:124,0
DA:130,0
DA:133,0
DA:144,0
DA:145,0
DA:148,0
DA:170,0
DA:173,0
DA:174,0
DA:178,0
LF:29
LH:0
BRDA:50,0,0,0
BRDA:50,1,0,0
BRDA:50,1,1,0
BRDA:80,2,0,0
BRDA:144,3,0,0
BRDA:173,4,0,0
BRDA:173,5,0,0
BRDA:173,5,1,0
BRF:8
BRH:0
end_of_record
TN:
SF:src/auth/dto/auth.dto.ts
FNF:0
FNH:0
DA:14,0
DA:22,0
DA:28,0
DA:36,0
DA:43,0
DA:50,0
DA:59,0
DA:65,0
DA:72,0
DA:81,0
DA:105,0
LF:11
LH:0
BRF:0
BRH:0
end_of_record
TN:
SF:src/auth/guards/jwt-auth.guard.ts
FN:37,(anonymous_1)
FNF:1
FNH:0
FNDA:0,(anonymous_1)
DA:15,1
DA:16,1
DA:20,1
DA:38,0
DA:42,0
LF:5
LH:3
BRF:0
BRH:0
end_of_record
TN:
SF:src/auth/strategies/jwt.strategy.ts
FN:23,(anonymous_2)
FN:53,(anonymous_3)
FNF:2
FNH:0
FNDA:0,(anonymous_2)
FNDA:0,(anonymous_3)
DA:15,0
DA:16,0
DA:17,0
DA:18,0
DA:22,0
DA:23,0
DA:24,0
DA:54,0
DA:56,0
DA:58,0
DA:61,0
DA:62,0
DA:63,0
DA:67,0
DA:68,0
DA:69,0
DA:73,0
DA:74,0
DA:78,0
DA:79,0
LF:20
LH:0
BRDA:34,0,0,0
BRDA:34,0,1,0
BRDA:61,1,0,0
BRDA:67,2,0,0
BRF:4
BRH:0
end_of_record
TN:
SF:src/health-metrics/health-metrics.controller.ts
FN:38,(anonymous_4)
FN:59,(anonymous_5)
FN:76,(anonymous_6)
FN:92,(anonymous_7)
FN:109,(anonymous_8)
FN:126,(anonymous_9)
FN:145,(anonymous_10)
FN:166,(anonymous_11)
FNF:8
FNH:8
FNDA:8,(anonymous_4)
FNDA:1,(anonymous_5)
FNDA:1,(anonymous_6)
FNDA:1,(anonymous_7)
FNDA:1,(anonymous_8)
FNDA:2,(anonymous_9)
FNDA:1,(anonymous_10)
FNDA:1,(anonymous_11)
DA:15,1
DA:27,1
DA:28,1
DA:29,1
DA:30,1
DA:37,1
DA:38,8
DA:59,1
DA:60,1
DA:76,1
DA:77,1
DA:92,1
DA:93,1
DA:109,1
DA:110,1
DA:126,1
DA:127,2
DA:145,1
DA:150,1
DA:166,1
DA:167,1
LF:21
LH:21
BRF:0
BRH:0
end_of_record
TN:
SF:src/health-metrics/health-metrics.e2e-spec.ts
FN:14,(anonymous_1)
FN:19,(anonymous_2)
FN:70,(anonymous_3)
FN:74,(anonymous_4)
FN:75,(anonymous_5)
FN:94,(anonymous_6)
FN:108,(anonymous_7)
FN:121,(anonymous_8)
FN:129,(anonymous_9)
FN:130,(anonymous_10)
FN:146,(anonymous_11)
FN:155,(anonymous_12)
FN:156,(anonymous_13)
FN:161,(anonymous_14)
FN:170,(anonymous_15)
FN:171,(anonymous_16)
FN:176,(anonymous_17)
FN:186,(anonymous_18)
FN:189,(anonymous_19)
FN:198,(anonymous_20)
FN:203,(anonymous_21)
FN:210,(anonymous_22)
FN:218,(anonymous_23)
FN:221,(anonymous_24)
FN:230,(anonymous_25)
FN:241,(anonymous_26)
FN:249,(anonymous_27)
FN:258,(anonymous_28)
FN:261,(anonymous_29)
FN:270,(anonymous_30)
FN:277,(anonymous_31)
FN:285,(anonymous_32)
FN:286,(anonymous_33)
FN:297,(anonymous_34)
FN:308,(anonymous_35)
FN:312,(anonymous_36)
FN:332,(anonymous_37)
FNF:37
FNH:0
FNDA:0,(anonymous_1)
FNDA:0,(anonymous_2)
FNDA:0,(anonymous_3)
FNDA:0,(anonymous_4)
FNDA:0,(anonymous_5)
FNDA:0,(anonymous_6)
FNDA:0,(anonymous_7)
FNDA:0,(anonymous_8)
FNDA:0,(anonymous_9)
FNDA:0,(anonymous_10)
FNDA:0,(anonymous_11)
FNDA:0,(anonymous_12)
FNDA:0,(anonymous_13)
FNDA:0,(anonymous_14)
FNDA:0,(anonymous_15)
FNDA:0,(anonymous_16)
FNDA:0,(anonymous_17)
FNDA:0,(anonymous_18)
FNDA:0,(anonymous_19)
FNDA:0,(anonymous_20)
FNDA:0,(anonymous_21)
FNDA:0,(anonymous_22)
FNDA:0,(anonymous_23)
FNDA:0,(anonymous_24)
FNDA:0,(anonymous_25)
FNDA:0,(anonymous_26)
FNDA:0,(anonymous_27)
FNDA:0,(anonymous_28)
FNDA:0,(anonymous_29)
FNDA:0,(anonymous_30)
FNDA:0,(anonymous_31)
FNDA:0,(anonymous_32)
FNDA:0,(anonymous_33)
FNDA:0,(anonymous_34)
FNDA:0,(anonymous_35)
FNDA:0,(anonymous_36)
FNDA:0,(anonymous_37)
DA:1,0
DA:3,0
DA:4,0
DA:5,0
DA:6,0
DA:7,0
DA:8,0
DA:9,0
DA:10,0
DA:11,0
DA:12,0
DA:14,0
DA:19,0
DA:20,0
DA:48,0
DA:49,0
DA:52,0
DA:66,0
DA:67,0
DA:70,0
DA:71,0
DA:74,0
DA:75,0
DA:76,0
DA:89,0
DA:95,0
DA:96,0
DA:97,0
DA:98,0
DA:99,0
DA:100,0
DA:101,0
DA:102,0
DA:103,0
DA:104,0
DA:108,0
DA:109,0
DA:114,0
DA:121,0
DA:122,0
DA:129,0
DA:130,0
DA:132,0
DA:137,0
DA:142,0
DA:147,0
DA:148,0
DA:149,0
DA:150,0
DA:155,0
DA:156,0
DA:157,0
DA:162,0
DA:163,0
DA:164,0
DA:165,0
DA:170,0
DA:171,0
DA:172,0
DA:177,0
DA:178,0
DA:179,0
DA:180,0
DA:181,0
DA:186,0
DA:189,0
DA:190,0
DA:195,0
DA:198,0
DA:199,0
DA:204,0
DA:205,0
DA:206,0
DA:210,0
DA:211,0
DA:218,0
DA:221,0
DA:222,0
DA:227,0
DA:230,0
DA:231,0
DA:236,0
DA:242,0
DA:243,0
DA:244,0
DA:245,0
DA:249,0
DA:250,0
DA:258,0
DA:261,0
DA:262,0
DA:267,0
DA:270,0
DA:271,0
DA:277,0
DA:278,0
DA:285,0
DA:286,0
DA:287,0
DA:297,0
DA:298,0
DA:308,0
DA:312,0
DA:314,0
DA:328,0
DA:329,0
DA:332,0
DA:334,0
DA:339,0
DA:342,0
LF:110
LH:0
BRDA:28,0,0,0
BRDA:28,0,1,0
BRDA:29,1,0,0
BRDA:29,1,1,0
BRDA:30,2,0,0
BRDA:30,2,1,0
BRDA:31,3,0,0
BRDA:31,3,1,0
BRDA:32,4,0,0
BRDA:32,4,1,0
BRDA:39,5,0,0
BRDA:39,5,1,0
BRF:12
BRH:0
end_of_record
TN:
SF:src/health-metrics/health-metrics.entity.ts
FN:31,(anonymous_2)
FNF:1
FNH:0
FNDA:0,(anonymous_2)
DA:16,2
DA:17,2
DA:21,2
DA:24,2
DA:28,2
DA:31,0
DA:33,2
DA:37,2
DA:40,2
DA:43,2
DA:46,2
DA:49,2
DA:52,2
DA:56,2
DA:59,2
DA:62,2
DA:66,2
DA:69,2
DA:72,2
DA:76,2
DA:79,2
DA:82,2
DA:85,2
DA:88,2
DA:91,2
DA:95,2
DA:98,2
DA:101,2
DA:105,2
DA:108,2
DA:111,2
LF:31
LH:30
BRF:0
BRH:0
end_of_record
TN:
SF:src/health-metrics/health-metrics.module.ts
FNF:0
FNH:0
DA:1,0
DA:2,0
DA:3,0
DA:4,0
DA:5,0
DA:6,0
DA:14,0
LF:7
LH:0
BRF:0
BRH:0
end_of_record
TN:
SF:src/health-metrics/health-metrics.service.ts
FN:29,(anonymous_4)
FN:51,(anonymous_5)
FN:76,(anonymous_6)
FN:96,(anonymous_7)
FN:120,(anonymous_8)
FN:147,(anonymous_9)
FN:171,(anonymous_10)
FN:179,(anonymous_11)
FN:259,(anonymous_12)
FN:264,(anonymous_13)
FN:268,(anonymous_14)
FN:277,(anonymous_15)
FN:281,(anonymous_16)
FN:285,(anonymous_17)
FN:294,(anonymous_18)
FN:303,(anonymous_19)
FN:307,(anonymous_20)
FN:313,(anonymous_21)
FN:325,(anonymous_22)
FN:341,(anonymous_23)
FN:359,(anonymous_24)
FN:377,(anonymous_25)
FNF:22
FNH:22
FNDA:11,(anonymous_4)
FNDA:3,(anonymous_5)
FNDA:1,(anonymous_6)
FNDA:4,(anonymous_7)
FNDA:3,(anonymous_8)
FNDA:1,(anonymous_9)
FNDA:1,(anonymous_10)
FNDA:4,(anonymous_11)
FNDA:3,(anonymous_12)
FNDA:1,(anonymous_13)
FNDA:1,(anonymous_14)
FNDA:1,(anonymous_15)
FNDA:1,(anonymous_16)
FNDA:1,(anonymous_17)
FNDA:3,(anonymous_18)
FNDA:3,(anonymous_19)
FNDA:1,(anonymous_20)
FNDA:1,(anonymous_21)
FNDA:4,(anonymous_22)
FNDA:1,(anonymous_23)
FNDA:1,(anonymous_24)
FNDA:1,(anonymous_25)
DA:18,2
DA:19,2
DA:20,2
DA:21,2
DA:22,2
DA:28,2
DA:32,11
DA:35,11
DA:53,3
DA:59,3
DA:62,2
DA:77,1
DA:97,4
DA:101,4
DA:102,1
DA:105,3
DA:121,3
DA:126,3
DA:127,1
DA:130,2
DA:149,1
DA:152,1
DA:155,1
DA:158,1
DA:173,1
DA:175,1
DA:181,4
DA:183,4
DA:184,1
DA:188,3
DA:191,3
DA:192,1
DA:196,1
DA:204,3
DA:205,1
DA:211,3
DA:212,1
DA:219,3
DA:220,1
DA:228,3
DA:235,3
DA:236,3
DA:239,3
DA:240,1
DA:247,3
DA:248,1
DA:255,3
DA:260,3
DA:261,3
DA:265,1
DA:270,1
DA:271,1
DA:273,0
DA:278,1
DA:282,1
DA:286,1
DA:287,1
DA:288,1
DA:290,1
DA:296,3
DA:297,3
DA:299,0
DA:304,3
DA:309,1
DA:310,1
DA:314,1
DA:315,1
DA:318,1
DA:319,1
DA:321,1
DA:326,4
DA:330,4
DA:332,3
DA:348,1
DA:350,1
DA:360,1
DA:362,1
DA:363,1
DA:364,1
DA:365,1
DA:366,0
DA:367,0
DA:369,0
DA:370,0
DA:371,0
DA:372,0
DA:373,0
DA:378,1
DA:379,1
DA:380,0
DA:381,0
LF:91
LH:80
BRDA:101,0,0,1
BRDA:126,1,0,1
BRDA:183,2,0,1
BRDA:191,3,0,1
BRDA:204,4,0,1
BRDA:204,5,0,3
BRDA:204,5,1,1
BRDA:211,6,0,1
BRDA:211,7,0,3
BRDA:211,7,1,1
BRDA:219,8,0,1
BRDA:235,9,0,3
BRDA:235,9,1,0
BRDA:239,10,0,1
BRDA:247,11,0,1
BRDA:270,12,0,1
BRDA:270,12,1,0
BRDA:296,13,0,3
BRDA:296,13,1,0
BRDA:315,14,0,0
BRDA:330,15,0,1
BRDA:333,16,0,3
BRDA:333,16,1,0
BRDA:334,17,0,3
BRDA:334,17,1,0
BRDA:335,18,0,3
BRDA:335,18,1,0
BRDA:336,19,0,3
BRDA:336,19,1,0
BRDA:354,20,0,1
BRDA:354,20,1,0
BRDA:360,21,0,0
BRDA:362,22,0,1
BRDA:362,22,1,0
BRDA:363,23,0,0
BRDA:364,24,0,0
BRDA:365,25,0,1
BRDA:366,26,0,0
BRDA:369,27,0,0
BRDA:370,28,0,0
BRDA:371,29,0,0
BRDA:372,30,0,0
BRDA:378,31,0,0
BRDA:379,32,0,1
BRDA:380,33,0,0
BRF:45
BRH:25
end_of_record
TN:
SF:src/health-metrics/dto/create-health-metrics.dto.ts
FN:7,(anonymous_2)
FN:12,(anonymous_3)
FN:19,(anonymous_4)
FN:25,(anonymous_5)
FN:32,(anonymous_6)
FN:38,(anonymous_7)
FN:44,(anonymous_8)
FN:50,(anonymous_9)
FN:56,(anonymous_10)
FN:62,(anonymous_11)
FNF:10
FNH:10
FNDA:17,(anonymous_2)
FNDA:6,(anonymous_3)
FNDA:4,(anonymous_4)
FNDA:5,(anonymous_5)
FNDA:4,(anonymous_6)
FNDA:4,(anonymous_7)
FNDA:4,(anonymous_8)
FNDA:4,(anonymous_9)
FNDA:4,(anonymous_10)
FNDA:4,(anonymous_11)
DA:1,2
DA:2,2
DA:3,2
DA:5,2
DA:7,17
DA:8,2
DA:12,6
DA:15,2
DA:19,4
DA:21,2
DA:25,5
DA:28,2
DA:32,4
DA:34,2
DA:38,4
DA:40,2
DA:44,4
DA:46,2
DA:50,4
DA:52,2
DA:56,4
DA:58,2
DA:62,4
DA:64,2
DA:68,2
LF:25
LH:25
BRF:0
BRH:0
end_of_record
TN:
SF:src/health-metrics/dto/update-health-metrics.dto.ts
FNF:0
FNH:0
DA:3,1
LF:1
LH:1
BRF:0
BRH:0
end_of_record
TN:
SF:src/meal/meal.controller.ts
FN:23,(anonymous_4)
FN:58,(anonymous_5)
FN:83,(anonymous_6)
FN:108,(anonymous_7)
FN:141,(anonymous_8)
FN:166,(anonymous_9)
FNF:6
FNH:0
FNDA:0,(anonymous_4)
FNDA:0,(anonymous_5)
FNDA:0,(anonymous_6)
FNDA:0,(anonymous_7)
FNDA:0,(anonymous_8)
FNDA:0,(anonymous_9)
DA:14,0
DA:15,0
DA:16,0
DA:22,0
DA:23,0
DA:58,0
DA:60,0
DA:83,0
DA:85,0
DA:108,0
DA:110,0
DA:141,0
DA:143,0
DA:166,0
DA:168,0
DA:171,0
LF:16
LH:0
BRF:0
BRH:0
end_of_record
TN:
SF:src/meal/meal.entity.ts
FN:108,(anonymous_2)
FN:121,(anonymous_3)
FN:134,(anonymous_4)
FN:84,(anonymous_5)
FN:84,(anonymous_6)
FNF:5
FNH:0
FNDA:0,(anonymous_2)
FNDA:0,(anonymous_3)
FNDA:0,(anonymous_4)
FNDA:0,(anonymous_5)
FNDA:0,(anonymous_6)
DA:17,2
DA:18,2
DA:22,2
DA:25,2
DA:29,2
DA:33,2
DA:37,2
DA:41,2
DA:45,2
DA:49,2
DA:53,2
DA:57,2
DA:61,2
DA:65,2
DA:73,2
DA:77,2
DA:81,2
DA:84,0
DA:86,2
DA:90,2
DA:94,2
DA:98,2
DA:109,0
DA:110,0
DA:122,0
DA:123,0
DA:135,0
DA:136,0
LF:28
LH:21
BRDA:109,0,0,0
BRDA:122,1,0,0
BRDA:135,2,0,0
BRF:3
BRH:0
end_of_record
TN:
SF:src/meal/meal.module.ts
FNF:0
FNH:0
DA:14,0
DA:15,0
DA:16,0
DA:17,0
DA:18,0
DA:19,0
DA:20,0
DA:41,0
LF:8
LH:0
BRF:0
BRH:0
end_of_record
TN:
SF:src/meal/meal.service.ts
FN:22,(anonymous_4)
FN:39,(anonymous_5)
FN:58,(anonymous_6)
FN:79,(anonymous_7)
FN:109,(anonymous_8)
FN:132,(anonymous_9)
FNF:6
FNH:0
FNDA:0,(anonymous_4)
FNDA:0,(anonymous_5)
FNDA:0,(anonymous_6)
FNDA:0,(anonymous_7)
FNDA:0,(anonymous_8)
FNDA:0,(anonymous_9)
DA:14,0
DA:15,0
DA:16,0
DA:17,0
DA:21,0
DA:25,0
DA:41,0
DA:44,0
DA:59,0
DA:81,0
DA:86,0
DA:87,0
DA:91,0
DA:111,0
DA:114,0
DA:117,0
DA:134,0
DA:137,0
DA:138,0
LF:19
LH:0
BRDA:86,0,0,0
BRDA:137,1,0,0
BRF:2
BRH:0
end_of_record
TN:
SF:src/types/global.d.ts
FNF:0
FNH:0
LF:0
LH:0
BRF:0
BRH:0
end_of_record
TN:
SF:src/user/user.controller.ts
FN:24,(anonymous_4)
FN:43,(anonymous_5)
FN:78,(anonymous_6)
FN:104,(anonymous_7)
FN:133,(anonymous_8)
FN:138,(anonymous_9)
FN:158,(anonymous_10)
FNF:7
FNH:0
FNDA:0,(anonymous_4)
FNDA:0,(anonymous_5)
FNDA:0,(anonymous_6)
FNDA:0,(anonymous_7)
FNDA:0,(anonymous_8)
FNDA:0,(anonymous_9)
FNDA:0,(anonymous_10)
DA:14,0
DA:15,0
DA:16,0
DA:17,0
DA:23,0
DA:24,0
DA:43,0
DA:45,0
DA:48,0
DA:78,0
DA:80,0
DA:83,0
DA:104,0
DA:106,0
DA:109,0
DA:110,0
DA:114,0
DA:133,0
DA:135,0
DA:138,0
DA:158,0
DA:160,0
DA:163,0
LF:23
LH:0
BRDA:109,0,0,0
BRF:1
BRH:0
end_of_record
TN:
SF:src/user/user.entity.ts
FN:106,(anonymous_2)
FN:118,(anonymous_3)
FN:131,(anonymous_4)
FN:92,(anonymous_5)
FN:92,(anonymous_6)
FN:96,(anonymous_7)
FN:96,(anonymous_8)
FNF:7
FNH:0
FNDA:0,(anonymous_2)
FNDA:0,(anonymous_3)
FNDA:0,(anonymous_4)
FNDA:0,(anonymous_5)
FNDA:0,(anonymous_6)
FNDA:0,(anonymous_7)
FNDA:0,(anonymous_8)
DA:18,2
DA:19,2
DA:20,2
DA:21,2
DA:25,2
DA:28,2
DA:32,2
DA:36,2
DA:40,2
DA:44,2
DA:48,2
DA:52,2
DA:56,2
DA:64,2
DA:72,2
DA:77,2
DA:81,2
DA:85,2
DA:89,2
DA:92,0
DA:93,2
DA:96,0
DA:97,2
DA:107,0
DA:119,0
DA:120,0
DA:121,0
DA:132,0
DA:133,0
DA:134,0
DA:135,0
DA:136,0
DA:139,0
DA:140,0
DA:143,0
LF:35
LH:21
BRDA:119,0,0,0
BRDA:119,1,0,0
BRDA:119,1,1,0
BRDA:132,2,0,0
BRDA:139,3,0,0
BRDA:139,4,0,0
BRDA:139,4,1,0
BRDA:139,4,2,0
BRF:8
BRH:0
end_of_record
TN:
SF:src/user/user.module.ts
FNF:0
FNH:0
DA:14,0
DA:15,0
DA:16,0
DA:17,0
DA:18,0
DA:36,0
LF:6
LH:0
BRF:0
BRH:0
end_of_record
TN:
SF:src/user/user.service.ts
FN:23,(anonymous_4)
FN:42,(anonymous_5)
FN:70,(anonymous_6)
FN:85,(anonymous_7)
FN:104,(anonymous_8)
FN:129,(anonymous_9)
FN:149,(anonymous_10)
FN:171,(anonymous_11)
FNF:8
FNH:0
FNDA:0,(anonymous_4)
FNDA:0,(anonymous_5)
FNDA:0,(anonymous_6)
FNDA:0,(anonymous_7)
FNDA:0,(anonymous_8)
FNDA:0,(anonymous_9)
FNDA:0,(anonymous_10)
FNDA:0,(anonymous_11)
DA:14,0
DA:15,0
DA:16,0
DA:17,0
DA:22,0
DA:26,0
DA:44,0
DA:49,0
DA:50,0
DA:54,0
DA:57,0
DA:71,0
DA:72,0
DA:86,0
DA:87,0
DA:106,0
DA:107,0
DA:108,0
DA:112,0
DA:115,0
DA:131,0
DA:134,0
DA:135,0
DA:150,0
DA:172,0
LF:25
LH:0
BRDA:49,0,0,0
BRDA:72,1,0,0
BRDA:72,1,1,0
BRDA:87,2,0,0
BRDA:87,2,1,0
BRDA:107,3,0,0
BRDA:134,4,0,0
BRDA:181,5,0,0
BRDA:181,5,1,0
BRF:9
BRH:0
end_of_record
TN:
SF:src/user/dto/user.dto.ts
FNF:0
FNH:0
DA:14,0
DA:22,0
DA:28,0
DA:36,0
DA:43,0
DA:50,0
DA:59,0
DA:68,0
DA:77,0
DA:88,0
DA:97,0
DA:104,0
DA:112,0
DA:121,0
DA:130,0
DA:139,0
DA:150,0
DA:159,0
DA:168,0
LF:19
LH:0
BRF:0
BRH:0
end_of_record
TN:
SF:src/workout/workout.controller.ts
FN:23,(anonymous_4)
FN:53,(anonymous_5)
FN:78,(anonymous_6)
FN:103,(anonymous_7)
FN:136,(anonymous_8)
FN:161,(anonymous_9)
FNF:6
FNH:0
FNDA:0,(anonymous_4)
FNDA:0,(anonymous_5)
FNDA:0,(anonymous_6)
FNDA:0,(anonymous_7)
FNDA:0,(anonymous_8)
FNDA:0,(anonymous_9)
DA:14,0
DA:15,0
DA:16,0
DA:22,0
DA:23,0
DA:53,0
DA:55,0
DA:78,0
DA:80,0
DA:103,0
DA:105,0
DA:136,0
DA:138,0
DA:161,0
DA:163,0
DA:166,0
LF:16
LH:0
BRF:0
BRH:0
end_of_record
TN:
SF:src/workout/workout.entity.ts
FN:100,(anonymous_2)
FN:112,(anonymous_3)
FN:77,(anonymous_4)
FN:77,(anonymous_5)
FNF:4
FNH:0
FNDA:0,(anonymous_2)
FNDA:0,(anonymous_3)
FNDA:0,(anonymous_4)
FNDA:0,(anonymous_5)
DA:18,2
DA:19,2
DA:23,2
DA:26,2
DA:30,2
DA:34,2
DA:38,2
DA:42,2
DA:46,2
DA:50,2
DA:54,2
DA:58,2
DA:62,2
DA:70,2
DA:74,2
DA:77,0
DA:79,2
DA:83,2
DA:87,2
DA:91,2
DA:101,0
DA:102,0
DA:113,0
DA:114,0
DA:115,0
LF:25
LH:19
BRDA:101,0,0,0
BRDA:101,1,0,0
BRDA:101,1,1,0
BRDA:113,2,0,0
BRDA:114,3,0,0
BRDA:114,4,0,0
BRDA:114,4,1,0
BRF:7
BRH:0
end_of_record
TN:
SF:src/workout/workout.module.ts
FNF:0
FNH:0
DA:14,0
DA:15,0
DA:16,0
DA:17,0
DA:18,0
DA:19,0
DA:20,0
DA:41,0
LF:8
LH:0
BRF:0
BRH:0
end_of_record
TN:
SF:src/workout/workout.service.ts
FN:22,(anonymous_4)
FN:39,(anonymous_5)
FN:58,(anonymous_6)
FN:79,(anonymous_7)
FN:109,(anonymous_8)
FN:132,(anonymous_9)
FNF:6
FNH:0
FNDA:0,(anonymous_4)
FNDA:0,(anonymous_5)
FNDA:0,(anonymous_6)
FNDA:0,(anonymous_7)
FNDA:0,(anonymous_8)
FNDA:0,(anonymous_9)
DA:14,0
DA:15,0
DA:16,0
DA:17,0
DA:21,0
DA:25,0
DA:41,0
DA:44,0
DA:59,0
DA:81,0
DA:86,0
DA:87,0
DA:91,0
DA:111,0
DA:114,0
DA:117,0
DA:134,0
DA:137,0
DA:138,0
LF:19
LH:0
BRDA:86,0,0,0
BRDA:137,1,0,0
BRF:2
BRH:0
end_of_record
