TN:
SF:src/app.controller.ts
FN:19,(anonymous_2)
FN:41,(anonymous_3)
FN:71,(anonymous_4)
FNF:3
FNH:0
FNDA:0,(anonymous_2)
FNDA:0,(anonymous_3)
FNDA:0,(anonymous_4)
DA:13,0
DA:14,0
DA:18,0
DA:19,0
DA:41,0
DA:42,0
DA:71,0
DA:72,0
LF:8
LH:0
BRF:0
BRH:0
end_of_record
TN:
SF:src/app.module.ts
FNF:0
FNH:0
DA:16,0
DA:17,0
DA:18,0
DA:19,0
DA:20,0
DA:21,0
DA:22,0
DA:23,0
DA:24,0
DA:25,0
DA:26,0
DA:27,0
DA:28,0
DA:81,0
LF:14
LH:0
BRDA:41,0,0,0
BRDA:41,0,1,0
BRDA:42,1,0,0
BRDA:42,1,1,0
BRDA:43,2,0,0
BRDA:43,2,1,0
BRDA:44,3,0,0
BRDA:44,3,1,0
BRDA:45,4,0,0
BRDA:45,4,1,0
BRDA:60,5,0,0
BRDA:60,5,1,0
BRF:12
BRH:0
end_of_record
TN:
SF:src/app.service.ts
FN:32,(anonymous_1)
FN:54,(anonymous_2)
FNF:2
FNH:2
FNDA:1,(anonymous_1)
FNDA:1,(anonymous_2)
DA:14,1
DA:18,1
DA:33,1
DA:55,1
LF:4
LH:4
BRF:0
BRH:0
end_of_record
TN:
SF:src/main.ts
FN:34,bootstrap
FNF:1
FNH:0
FNDA:0,bootstrap
DA:16,0
DA:17,0
DA:18,0
DA:19,0
DA:36,0
DA:39,0
DA:43,0
DA:53,0
DA:60,0
DA:63,0
DA:66,0
DA:67,0
DA:71,0
LF:13
LH:0
BRDA:45,0,0,0
BRDA:45,0,1,0
BRDA:45,1,0,0
BRDA:45,1,1,0
BRDA:45,2,0,0
BRDA:45,2,1,0
BRDA:60,3,0,0
BRDA:60,3,1,0
BRF:8
BRH:0
end_of_record
TN:
SF:src/auth/auth.controller.ts
FN:23,(anonymous_4)
FN:52,(anonymous_5)
FN:88,(anonymous_6)
FN:110,(anonymous_7)
FN:144,(anonymous_8)
FNF:5
FNH:0
FNDA:0,(anonymous_4)
FNDA:0,(anonymous_5)
FNDA:0,(anonymous_6)
FNDA:0,(anonymous_7)
FNDA:0,(anonymous_8)
DA:15,0
DA:16,0
DA:17,0
DA:18,0
DA:22,0
DA:23,0
DA:52,0
DA:53,0
DA:88,0
DA:89,0
DA:110,0
DA:111,0
DA:144,0
DA:145,0
LF:14
LH:0
BRF:0
BRH:0
end_of_record
TN:
SF:src/auth/auth.module.ts
FNF:0
FNH:0
DA:10,0
DA:11,0
DA:12,0
DA:13,0
DA:14,0
DA:15,0
DA:16,0
DA:31,0
LF:8
LH:0
BRDA:24,0,0,0
BRDA:24,0,1,0
BRF:2
BRH:0
end_of_record
TN:
SF:src/auth/auth.service.ts
FN:24,(anonymous_11)
FN:45,(anonymous_12)
FN:60,(anonymous_13)
FN:78,(anonymous_14)
FN:104,(anonymous_15)
FNF:5
FNH:0
FNDA:0,(anonymous_11)
FNDA:0,(anonymous_12)
FNDA:0,(anonymous_13)
FNDA:0,(anonymous_14)
FNDA:0,(anonymous_15)
DA:15,0
DA:16,0
DA:17,0
DA:19,0
DA:23,0
DA:25,0
DA:26,0
DA:47,0
DA:50,0
DA:52,0
DA:53,0
DA:57,0
DA:61,0
DA:62,0
DA:63,0
DA:66,0
DA:67,0
DA:79,0
DA:80,0
DA:81,0
DA:86,0
DA:87,0
DA:97,0
DA:98,0
DA:100,0
DA:106,0
DA:107,0
DA:108,0
DA:110,0
LF:29
LH:0
BRDA:50,0,0,0
BRDA:50,1,0,0
BRDA:50,1,1,0
BRDA:62,2,0,0
BRDA:97,3,0,0
BRDA:107,4,0,0
BRDA:107,5,0,0
BRDA:107,5,1,0
BRF:8
BRH:0
end_of_record
TN:
SF:src/auth/dto/auth.dto.ts
FNF:0
FNH:0
DA:10,0
DA:12,0
DA:14,0
DA:18,0
DA:21,0
DA:24,0
DA:27,0
DA:29,0
DA:32,0
DA:35,0
DA:45,0
LF:11
LH:0
BRF:0
BRH:0
end_of_record
TN:
SF:src/auth/guards/jwt-auth.guard.ts
FN:15,(anonymous_1)
FNF:1
FNH:0
FNDA:0,(anonymous_1)
DA:10,1
DA:11,1
DA:14,1
DA:16,0
DA:17,0
LF:5
LH:3
BRF:0
BRH:0
end_of_record
TN:
SF:src/auth/strategies/jwt.strategy.ts
FN:27,(anonymous_2)
FN:35,(anonymous_3)
FNF:2
FNH:0
FNDA:0,(anonymous_2)
FNDA:0,(anonymous_3)
DA:13,0
DA:14,0
DA:15,0
DA:16,0
DA:26,0
DA:27,0
DA:28,0
DA:36,0
DA:39,0
DA:40,0
DA:41,0
DA:43,0
DA:45,0
LF:13
LH:0
BRDA:40,0,0,0
BRDA:40,1,0,0
BRDA:40,1,1,0
BRF:3
BRH:0
end_of_record
TN:
SF:src/config/env.validation.ts
FN:8,validateEnvironment
FN:10,(anonymous_1)
FNF:2
FNH:0
FNDA:0,validateEnvironment
FNDA:0,(anonymous_1)
DA:8,0
DA:9,0
DA:10,0
DA:12,0
DA:13,0
DA:17,0
DA:18,0
LF:7
LH:0
BRDA:12,0,0,0
BRDA:17,1,0,0
BRDA:17,2,0,0
BRDA:17,2,1,0
BRF:4
BRH:0
end_of_record
TN:
SF:src/health-metrics/health-metrics.controller.ts
FN:38,(anonymous_4)
FN:59,(anonymous_5)
FN:76,(anonymous_6)
FN:92,(anonymous_7)
FN:109,(anonymous_8)
FN:126,(anonymous_9)
FN:145,(anonymous_10)
FN:166,(anonymous_11)
FNF:8
FNH:8
FNDA:8,(anonymous_4)
FNDA:1,(anonymous_5)
FNDA:1,(anonymous_6)
FNDA:1,(anonymous_7)
FNDA:1,(anonymous_8)
FNDA:2,(anonymous_9)
FNDA:1,(anonymous_10)
FNDA:1,(anonymous_11)
DA:15,1
DA:27,1
DA:28,1
DA:29,1
DA:30,1
DA:37,1
DA:38,8
DA:59,1
DA:60,1
DA:76,1
DA:77,1
DA:92,1
DA:93,1
DA:109,1
DA:110,1
DA:126,1
DA:127,2
DA:145,1
DA:150,1
DA:166,1
DA:167,1
LF:21
LH:21
BRF:0
BRH:0
end_of_record
TN:
SF:src/health-metrics/health-metrics.e2e-spec.ts
FN:14,(anonymous_1)
FN:19,(anonymous_2)
FN:70,(anonymous_3)
FN:74,(anonymous_4)
FN:75,(anonymous_5)
FN:94,(anonymous_6)
FN:108,(anonymous_7)
FN:121,(anonymous_8)
FN:129,(anonymous_9)
FN:130,(anonymous_10)
FN:146,(anonymous_11)
FN:155,(anonymous_12)
FN:156,(anonymous_13)
FN:161,(anonymous_14)
FN:170,(anonymous_15)
FN:171,(anonymous_16)
FN:176,(anonymous_17)
FN:186,(anonymous_18)
FN:189,(anonymous_19)
FN:198,(anonymous_20)
FN:203,(anonymous_21)
FN:210,(anonymous_22)
FN:218,(anonymous_23)
FN:221,(anonymous_24)
FN:230,(anonymous_25)
FN:241,(anonymous_26)
FN:249,(anonymous_27)
FN:258,(anonymous_28)
FN:261,(anonymous_29)
FN:270,(anonymous_30)
FN:277,(anonymous_31)
FN:285,(anonymous_32)
FN:286,(anonymous_33)
FN:297,(anonymous_34)
FN:308,(anonymous_35)
FN:312,(anonymous_36)
FN:332,(anonymous_37)
FNF:37
FNH:0
FNDA:0,(anonymous_1)
FNDA:0,(anonymous_2)
FNDA:0,(anonymous_3)
FNDA:0,(anonymous_4)
FNDA:0,(anonymous_5)
FNDA:0,(anonymous_6)
FNDA:0,(anonymous_7)
FNDA:0,(anonymous_8)
FNDA:0,(anonymous_9)
FNDA:0,(anonymous_10)
FNDA:0,(anonymous_11)
FNDA:0,(anonymous_12)
FNDA:0,(anonymous_13)
FNDA:0,(anonymous_14)
FNDA:0,(anonymous_15)
FNDA:0,(anonymous_16)
FNDA:0,(anonymous_17)
FNDA:0,(anonymous_18)
FNDA:0,(anonymous_19)
FNDA:0,(anonymous_20)
FNDA:0,(anonymous_21)
FNDA:0,(anonymous_22)
FNDA:0,(anonymous_23)
FNDA:0,(anonymous_24)
FNDA:0,(anonymous_25)
FNDA:0,(anonymous_26)
FNDA:0,(anonymous_27)
FNDA:0,(anonymous_28)
FNDA:0,(anonymous_29)
FNDA:0,(anonymous_30)
FNDA:0,(anonymous_31)
FNDA:0,(anonymous_32)
FNDA:0,(anonymous_33)
FNDA:0,(anonymous_34)
FNDA:0,(anonymous_35)
FNDA:0,(anonymous_36)
FNDA:0,(anonymous_37)
DA:1,0
DA:3,0
DA:4,0
DA:5,0
DA:6,0
DA:7,0
DA:8,0
DA:9,0
DA:10,0
DA:11,0
DA:12,0
DA:14,0
DA:19,0
DA:20,0
DA:48,0
DA:49,0
DA:52,0
DA:66,0
DA:67,0
DA:70,0
DA:71,0
DA:74,0
DA:75,0
DA:76,0
DA:89,0
DA:95,0
DA:96,0
DA:97,0
DA:98,0
DA:99,0
DA:100,0
DA:101,0
DA:102,0
DA:103,0
DA:104,0
DA:108,0
DA:109,0
DA:114,0
DA:121,0
DA:122,0
DA:129,0
DA:130,0
DA:132,0
DA:137,0
DA:142,0
DA:147,0
DA:148,0
DA:149,0
DA:150,0
DA:155,0
DA:156,0
DA:157,0
DA:162,0
DA:163,0
DA:164,0
DA:165,0
DA:170,0
DA:171,0
DA:172,0
DA:177,0
DA:178,0
DA:179,0
DA:180,0
DA:181,0
DA:186,0
DA:189,0
DA:190,0
DA:195,0
DA:198,0
DA:199,0
DA:204,0
DA:205,0
DA:206,0
DA:210,0
DA:211,0
DA:218,0
DA:221,0
DA:222,0
DA:227,0
DA:230,0
DA:231,0
DA:236,0
DA:242,0
DA:243,0
DA:244,0
DA:245,0
DA:249,0
DA:250,0
DA:258,0
DA:261,0
DA:262,0
DA:267,0
DA:270,0
DA:271,0
DA:277,0
DA:278,0
DA:285,0
DA:286,0
DA:287,0
DA:297,0
DA:298,0
DA:308,0
DA:312,0
DA:314,0
DA:328,0
DA:329,0
DA:332,0
DA:334,0
DA:339,0
DA:342,0
LF:110
LH:0
BRDA:28,0,0,0
BRDA:28,0,1,0
BRDA:29,1,0,0
BRDA:29,1,1,0
BRDA:30,2,0,0
BRDA:30,2,1,0
BRDA:31,3,0,0
BRDA:31,3,1,0
BRDA:32,4,0,0
BRDA:32,4,1,0
BRDA:39,5,0,0
BRDA:39,5,1,0
BRF:12
BRH:0
end_of_record
TN:
SF:src/health-metrics/health-metrics.entity.ts
FN:31,(anonymous_2)
FNF:1
FNH:0
FNDA:0,(anonymous_2)
DA:16,2
DA:17,2
DA:21,2
DA:24,2
DA:28,2
DA:31,0
DA:33,2
DA:37,2
DA:40,2
DA:43,2
DA:46,2
DA:49,2
DA:52,2
DA:56,2
DA:59,2
DA:62,2
DA:66,2
DA:69,2
DA:72,2
DA:76,2
DA:79,2
DA:82,2
DA:85,2
DA:88,2
DA:91,2
DA:95,2
DA:98,2
DA:101,2
DA:105,2
DA:108,2
DA:111,2
LF:31
LH:30
BRF:0
BRH:0
end_of_record
TN:
SF:src/health-metrics/health-metrics.module.ts
FNF:0
FNH:0
DA:1,0
DA:2,0
DA:3,0
DA:4,0
DA:5,0
DA:6,0
DA:14,0
LF:7
LH:0
BRF:0
BRH:0
end_of_record
TN:
SF:src/health-metrics/health-metrics.service.ts
FN:29,(anonymous_4)
FN:51,(anonymous_5)
FN:76,(anonymous_6)
FN:96,(anonymous_7)
FN:120,(anonymous_8)
FN:147,(anonymous_9)
FN:171,(anonymous_10)
FN:179,(anonymous_11)
FN:259,(anonymous_12)
FN:264,(anonymous_13)
FN:268,(anonymous_14)
FN:277,(anonymous_15)
FN:281,(anonymous_16)
FN:285,(anonymous_17)
FN:294,(anonymous_18)
FN:303,(anonymous_19)
FN:307,(anonymous_20)
FN:313,(anonymous_21)
FN:325,(anonymous_22)
FN:341,(anonymous_23)
FN:359,(anonymous_24)
FN:377,(anonymous_25)
FNF:22
FNH:22
FNDA:11,(anonymous_4)
FNDA:3,(anonymous_5)
FNDA:1,(anonymous_6)
FNDA:4,(anonymous_7)
FNDA:3,(anonymous_8)
FNDA:1,(anonymous_9)
FNDA:1,(anonymous_10)
FNDA:4,(anonymous_11)
FNDA:3,(anonymous_12)
FNDA:1,(anonymous_13)
FNDA:1,(anonymous_14)
FNDA:1,(anonymous_15)
FNDA:1,(anonymous_16)
FNDA:1,(anonymous_17)
FNDA:3,(anonymous_18)
FNDA:3,(anonymous_19)
FNDA:1,(anonymous_20)
FNDA:1,(anonymous_21)
FNDA:4,(anonymous_22)
FNDA:1,(anonymous_23)
FNDA:1,(anonymous_24)
FNDA:1,(anonymous_25)
DA:18,2
DA:19,2
DA:20,2
DA:21,2
DA:22,2
DA:28,2
DA:32,11
DA:35,11
DA:53,3
DA:59,3
DA:62,2
DA:77,1
DA:97,4
DA:101,4
DA:102,1
DA:105,3
DA:121,3
DA:126,3
DA:127,1
DA:130,2
DA:149,1
DA:152,1
DA:155,1
DA:158,1
DA:173,1
DA:175,1
DA:181,4
DA:183,4
DA:184,1
DA:188,3
DA:191,3
DA:192,1
DA:196,1
DA:204,3
DA:205,1
DA:211,3
DA:212,1
DA:219,3
DA:220,1
DA:228,3
DA:235,3
DA:236,3
DA:239,3
DA:240,1
DA:247,3
DA:248,1
DA:255,3
DA:260,3
DA:261,3
DA:265,1
DA:270,1
DA:271,1
DA:273,0
DA:278,1
DA:282,1
DA:286,1
DA:287,1
DA:288,1
DA:290,1
DA:296,3
DA:297,3
DA:299,0
DA:304,3
DA:309,1
DA:310,1
DA:314,1
DA:315,1
DA:318,1
DA:319,1
DA:321,1
DA:326,4
DA:330,4
DA:332,3
DA:348,1
DA:350,1
DA:360,1
DA:362,1
DA:363,1
DA:364,1
DA:365,1
DA:366,0
DA:367,0
DA:369,0
DA:370,0
DA:371,0
DA:372,0
DA:373,0
DA:378,1
DA:379,1
DA:380,0
DA:381,0
LF:91
LH:80
BRDA:101,0,0,1
BRDA:126,1,0,1
BRDA:183,2,0,1
BRDA:191,3,0,1
BRDA:204,4,0,1
BRDA:204,5,0,3
BRDA:204,5,1,1
BRDA:211,6,0,1
BRDA:211,7,0,3
BRDA:211,7,1,1
BRDA:219,8,0,1
BRDA:235,9,0,3
BRDA:235,9,1,0
BRDA:239,10,0,1
BRDA:247,11,0,1
BRDA:270,12,0,1
BRDA:270,12,1,0
BRDA:296,13,0,3
BRDA:296,13,1,0
BRDA:315,14,0,0
BRDA:330,15,0,1
BRDA:333,16,0,3
BRDA:333,16,1,0
BRDA:334,17,0,3
BRDA:334,17,1,0
BRDA:335,18,0,3
BRDA:335,18,1,0
BRDA:336,19,0,3
BRDA:336,19,1,0
BRDA:354,20,0,1
BRDA:354,20,1,0
BRDA:354,21,0,0
BRDA:354,21,1,1
BRDA:354,22,0,1
BRDA:354,22,1,1
BRDA:360,23,0,0
BRDA:362,24,0,1
BRDA:362,24,1,0
BRDA:363,25,0,0
BRDA:364,26,0,0
BRDA:365,27,0,1
BRDA:366,28,0,0
BRDA:369,29,0,0
BRDA:370,30,0,0
BRDA:371,31,0,0
BRDA:372,32,0,0
BRDA:378,33,0,0
BRDA:379,34,0,1
BRDA:380,35,0,0
BRF:49
BRH:28
end_of_record
TN:
SF:src/health-metrics/dto/create-health-metrics.dto.ts
FN:7,(anonymous_2)
FN:12,(anonymous_3)
FN:19,(anonymous_4)
FN:25,(anonymous_5)
FN:32,(anonymous_6)
FN:38,(anonymous_7)
FN:44,(anonymous_8)
FN:50,(anonymous_9)
FN:56,(anonymous_10)
FN:62,(anonymous_11)
FNF:10
FNH:10
FNDA:17,(anonymous_2)
FNDA:6,(anonymous_3)
FNDA:4,(anonymous_4)
FNDA:5,(anonymous_5)
FNDA:4,(anonymous_6)
FNDA:4,(anonymous_7)
FNDA:4,(anonymous_8)
FNDA:4,(anonymous_9)
FNDA:4,(anonymous_10)
FNDA:4,(anonymous_11)
DA:1,2
DA:2,2
DA:3,2
DA:5,2
DA:7,17
DA:8,2
DA:12,6
DA:15,2
DA:19,4
DA:21,2
DA:25,5
DA:28,2
DA:32,4
DA:34,2
DA:38,4
DA:40,2
DA:44,4
DA:46,2
DA:50,4
DA:52,2
DA:56,4
DA:58,2
DA:62,4
DA:64,2
DA:68,2
LF:25
LH:25
BRF:0
BRH:0
end_of_record
TN:
SF:src/health-metrics/dto/update-health-metrics.dto.ts
FNF:0
FNH:0
DA:3,1
LF:1
LH:1
BRF:0
BRH:0
end_of_record
TN:
SF:src/meal/meal.controller.ts
FN:23,(anonymous_4)
FN:26,(anonymous_5)
FN:32,(anonymous_6)
FN:37,(anonymous_7)
FN:42,(anonymous_8)
FN:47,(anonymous_9)
FN:52,(anonymous_10)
FNF:7
FNH:0
FNDA:0,(anonymous_4)
FNDA:0,(anonymous_5)
FNDA:0,(anonymous_6)
FNDA:0,(anonymous_7)
FNDA:0,(anonymous_8)
FNDA:0,(anonymous_9)
FNDA:0,(anonymous_10)
DA:1,0
DA:2,0
DA:3,0
DA:4,0
DA:5,0
DA:22,0
DA:23,0
DA:26,0
DA:27,0
DA:28,0
DA:32,0
DA:33,0
DA:37,0
DA:38,0
DA:42,0
DA:43,0
DA:47,0
DA:48,0
DA:52,0
DA:53,0
DA:54,0
LF:21
LH:0
BRF:0
BRH:0
end_of_record
TN:
SF:src/meal/meal.entity.ts
FN:75,(anonymous_2)
FN:80,(anonymous_3)
FN:85,(anonymous_4)
FN:61,(anonymous_5)
FN:61,(anonymous_6)
FNF:5
FNH:0
FNDA:0,(anonymous_2)
FNDA:0,(anonymous_3)
FNDA:0,(anonymous_4)
FNDA:0,(anonymous_5)
FNDA:0,(anonymous_6)
DA:10,5
DA:11,5
DA:14,5
DA:16,5
DA:19,5
DA:22,5
DA:25,5
DA:28,5
DA:31,5
DA:34,5
DA:37,5
DA:40,5
DA:43,5
DA:46,5
DA:53,5
DA:56,5
DA:59,5
DA:61,0
DA:63,5
DA:66,5
DA:69,5
DA:72,5
DA:76,0
DA:77,0
DA:81,0
DA:82,0
DA:86,0
DA:87,0
LF:28
LH:21
BRDA:76,0,0,0
BRDA:81,1,0,0
BRDA:86,2,0,0
BRF:3
BRH:0
end_of_record
TN:
SF:src/meal/meal.module.ts
FNF:0
FNH:0
DA:10,0
DA:11,0
DA:12,0
DA:13,0
DA:14,0
DA:15,0
DA:16,0
DA:27,0
LF:8
LH:0
BRF:0
BRH:0
end_of_record
TN:
SF:src/meal/meal.service.ts
FN:23,(anonymous_4)
FN:33,(anonymous_5)
FN:46,(anonymous_6)
FN:59,(anonymous_7)
FN:79,(anonymous_8)
FN:94,(anonymous_9)
FN:105,(anonymous_10)
FN:121,(anonymous_11)
FN:133,(anonymous_12)
FN:145,(anonymous_13)
FN:157,(anonymous_14)
FN:190,(anonymous_15)
FN:217,(anonymous_16)
FN:227,(anonymous_17)
FN:228,(anonymous_18)
FN:229,(anonymous_19)
FN:246,(anonymous_20)
FNF:17
FNH:17
FNDA:21,(anonymous_4)
FNDA:1,(anonymous_5)
FNDA:1,(anonymous_6)
FNDA:4,(anonymous_7)
FNDA:1,(anonymous_8)
FNDA:1,(anonymous_9)
FNDA:15,(anonymous_10)
FNDA:16,(anonymous_11)
FNDA:38,(anonymous_12)
FNDA:15,(anonymous_13)
FNDA:1,(anonymous_14)
FNDA:1,(anonymous_15)
FNDA:139,(anonymous_16)
FNDA:121,(anonymous_17)
FNDA:363,(anonymous_18)
FNDA:605,(anonymous_19)
FNDA:30,(anonymous_20)
DA:1,1
DA:2,1
DA:3,1
DA:4,1
DA:22,1
DA:25,21
DA:35,1
DA:37,1
DA:38,1
DA:47,1
DA:60,4
DA:65,4
DA:66,1
DA:69,3
DA:81,1
DA:83,1
DA:85,1
DA:86,1
DA:95,1
DA:96,1
DA:106,15
DA:111,15
DA:112,1
DA:115,14
DA:116,14
DA:117,14
DA:118,14
DA:121,14
DA:122,16
DA:125,14
DA:127,2
DA:131,14
DA:132,28
DA:133,28
DA:134,38
DA:137,28
DA:138,14
DA:140,14
DA:145,15
DA:146,14
DA:149,14
DA:158,1
DA:159,0
DA:162,1
DA:163,0
DA:166,1
DA:167,0
DA:170,1
DA:171,0
DA:174,1
DA:175,0
DA:179,1
DA:180,1
DA:181,0
DA:191,1
DA:192,0
DA:195,1
DA:196,0
DA:199,1
DA:200,0
DA:201,0
DA:202,0
DA:206,1
DA:207,0
DA:218,139
DA:219,139
DA:226,121
DA:227,121
DA:228,363
DA:229,605
DA:230,121
DA:233,18
DA:234,18
DA:235,18
DA:236,18
DA:248,30
DA:249,30
DA:250,30
DA:252,30
DA:253,30
DA:254,30
LF:81
LH:69
BRDA:65,0,0,1
BRDA:111,1,0,1
BRDA:115,2,0,14
BRDA:115,2,1,1
BRDA:122,3,0,16
BRDA:122,3,1,15
BRDA:125,4,0,2
BRDA:134,5,0,38
BRDA:134,5,1,36
BRDA:137,6,0,14
BRDA:137,6,1,14
BRDA:146,7,0,14
BRDA:146,7,1,0
BRDA:158,8,0,0
BRDA:158,9,0,1
BRDA:158,9,1,1
BRDA:162,10,0,0
BRDA:162,11,0,1
BRDA:162,11,1,1
BRDA:166,12,0,0
BRDA:170,13,0,0
BRDA:170,14,0,1
BRDA:170,14,1,1
BRDA:174,15,0,0
BRDA:174,16,0,1
BRDA:174,16,1,1
BRDA:180,17,0,0
BRDA:191,18,0,0
BRDA:191,19,0,1
BRDA:191,19,1,0
BRDA:191,19,2,0
BRDA:195,20,0,0
BRDA:195,21,0,1
BRDA:195,21,1,0
BRDA:195,21,2,0
BRDA:199,22,0,0
BRDA:201,23,0,0
BRDA:206,24,0,0
BRDA:206,25,0,1
BRDA:206,25,1,0
BRDA:227,26,0,121
BRDA:227,26,1,0
BRDA:227,27,0,121
BRDA:227,27,1,121
BRDA:227,28,0,0
BRDA:227,28,1,121
BRDA:227,29,0,121
BRDA:227,29,1,121
BRDA:228,30,0,121
BRDA:228,30,1,0
BRDA:228,31,0,121
BRDA:228,31,1,121
BRDA:228,32,0,0
BRDA:228,32,1,121
BRDA:228,33,0,121
BRDA:228,33,1,121
BRDA:229,34,0,121
BRDA:229,34,1,0
BRDA:229,35,0,121
BRDA:229,35,1,121
BRDA:229,36,0,0
BRDA:229,36,1,121
BRDA:229,37,0,121
BRDA:229,37,1,121
BRF:64
BRH:41
end_of_record
TN:
SF:src/meal/dto/create-meal.dto.ts
FNF:0
FNH:0
DA:12,0
LF:1
LH:0
BRF:0
BRH:0
end_of_record
TN:
SF:src/meal/dto/update-meal.dto.ts
FNF:0
FNH:0
DA:12,0
LF:1
LH:0
BRF:0
BRH:0
end_of_record
TN:
SF:src/types/global.d.ts
FNF:0
FNH:0
LF:0
LH:0
BRF:0
BRH:0
end_of_record
TN:
SF:src/user/user.controller.ts
FN:18,(anonymous_4)
FN:21,(anonymous_5)
FN:27,(anonymous_6)
FN:33,(anonymous_7)
FN:42,(anonymous_8)
FN:44,(anonymous_9)
FN:48,(anonymous_10)
FNF:7
FNH:0
FNDA:0,(anonymous_4)
FNDA:0,(anonymous_5)
FNDA:0,(anonymous_6)
FNDA:0,(anonymous_7)
FNDA:0,(anonymous_8)
FNDA:0,(anonymous_9)
FNDA:0,(anonymous_10)
DA:10,0
DA:11,0
DA:12,0
DA:13,0
DA:17,0
DA:18,0
DA:21,0
DA:22,0
DA:23,0
DA:27,0
DA:28,0
DA:29,0
DA:33,0
DA:34,0
DA:35,0
DA:36,0
DA:38,0
DA:42,0
DA:43,0
DA:44,0
DA:48,0
DA:49,0
DA:50,0
LF:23
LH:0
BRDA:35,0,0,0
BRF:1
BRH:0
end_of_record
TN:
SF:src/user/user.entity.ts
FN:78,(anonymous_2)
FN:83,(anonymous_3)
FN:98,(anonymous_4)
FN:71,(anonymous_5)
FN:71,(anonymous_6)
FN:74,(anonymous_7)
FN:74,(anonymous_8)
FNF:7
FNH:0
FNDA:0,(anonymous_2)
FNDA:0,(anonymous_3)
FNDA:0,(anonymous_4)
FNDA:0,(anonymous_5)
FNDA:0,(anonymous_6)
FNDA:0,(anonymous_7)
FNDA:0,(anonymous_8)
DA:15,5
DA:16,5
DA:17,5
DA:20,5
DA:22,5
DA:25,5
DA:28,5
DA:31,5
DA:34,5
DA:37,5
DA:40,5
DA:43,5
DA:50,5
DA:57,5
DA:60,5
DA:63,5
DA:66,5
DA:69,5
DA:71,0
DA:72,5
DA:74,0
DA:75,5
DA:79,0
DA:84,0
DA:85,0
DA:86,0
DA:87,0
DA:88,0
DA:90,0
DA:91,0
DA:94,0
DA:99,0
DA:100,0
DA:101,0
LF:34
LH:20
BRDA:84,0,0,0
BRDA:90,1,0,0
BRDA:90,2,0,0
BRDA:90,2,1,0
BRDA:90,2,2,0
BRDA:99,3,0,0
BRDA:99,4,0,0
BRDA:99,4,1,0
BRF:8
BRH:0
end_of_record
TN:
SF:src/user/user.module.ts
FNF:0
FNH:0
DA:10,0
DA:11,0
DA:12,0
DA:13,0
DA:14,0
DA:22,0
LF:6
LH:0
BRF:0
BRH:0
end_of_record
TN:
SF:src/user/user.service.ts
FN:23,(anonymous_4)
FN:42,(anonymous_5)
FN:63,(anonymous_6)
FN:71,(anonymous_7)
FN:83,(anonymous_8)
FN:91,(anonymous_9)
FN:98,(anonymous_10)
FN:108,(anonymous_11)
FN:115,(anonymous_12)
FN:122,(anonymous_13)
FNF:10
FNH:9
FNDA:18,(anonymous_4)
FNDA:2,(anonymous_5)
FNDA:3,(anonymous_6)
FNDA:3,(anonymous_7)
FNDA:3,(anonymous_8)
FNDA:5,(anonymous_9)
FNDA:2,(anonymous_10)
FNDA:2,(anonymous_11)
FNDA:1,(anonymous_12)
FNDA:0,(anonymous_13)
DA:14,1
DA:15,1
DA:16,1
DA:17,1
DA:22,1
DA:26,18
DA:44,2
DA:49,2
DA:50,1
DA:54,1
DA:55,1
DA:64,3
DA:72,3
DA:84,3
DA:92,5
DA:99,2
DA:100,2
DA:101,1
DA:104,1
DA:105,1
DA:109,2
DA:110,2
DA:111,1
DA:116,1
DA:123,0
LF:25
LH:24
BRDA:49,0,0,1
BRDA:100,1,0,1
BRDA:110,2,0,1
BRF:3
BRH:3
end_of_record
TN:
SF:src/user/dto/user.dto.ts
FNF:0
FNH:0
DA:10,0
DA:12,0
DA:14,0
DA:18,0
DA:21,0
DA:24,0
DA:28,0
DA:32,0
DA:36,0
DA:42,0
DA:45,0
DA:48,0
DA:52,0
DA:56,0
DA:60,0
DA:64,0
DA:70,0
DA:74,0
DA:77,0
LF:19
LH:0
BRF:0
BRH:0
end_of_record
TN:
SF:src/workout/workout.controller.ts
FN:23,(anonymous_4)
FN:26,(anonymous_5)
FN:32,(anonymous_6)
FN:37,(anonymous_7)
FN:42,(anonymous_8)
FN:47,(anonymous_9)
FN:52,(anonymous_10)
FNF:7
FNH:0
FNDA:0,(anonymous_4)
FNDA:0,(anonymous_5)
FNDA:0,(anonymous_6)
FNDA:0,(anonymous_7)
FNDA:0,(anonymous_8)
FNDA:0,(anonymous_9)
FNDA:0,(anonymous_10)
DA:1,0
DA:2,0
DA:3,0
DA:4,0
DA:5,0
DA:22,0
DA:23,0
DA:26,0
DA:27,0
DA:28,0
DA:32,0
DA:33,0
DA:37,0
DA:38,0
DA:42,0
DA:43,0
DA:47,0
DA:48,0
DA:52,0
DA:53,0
DA:54,0
LF:21
LH:0
BRF:0
BRH:0
end_of_record
TN:
SF:src/workout/workout.entity.ts
FN:69,(anonymous_2)
FN:75,(anonymous_3)
FN:55,(anonymous_4)
FN:55,(anonymous_5)
FNF:4
FNH:0
FNDA:0,(anonymous_2)
FNDA:0,(anonymous_3)
FNDA:0,(anonymous_4)
FNDA:0,(anonymous_5)
DA:10,5
DA:11,5
DA:14,5
DA:16,5
DA:19,5
DA:22,5
DA:25,5
DA:28,5
DA:31,5
DA:34,5
DA:37,5
DA:40,5
DA:43,5
DA:50,5
DA:53,5
DA:55,0
DA:57,5
DA:60,5
DA:63,5
DA:66,5
DA:70,0
DA:71,0
DA:76,0
DA:77,0
DA:78,0
LF:25
LH:19
BRDA:70,0,0,0
BRDA:70,1,0,0
BRDA:70,1,1,0
BRDA:76,2,0,0
BRDA:77,3,0,0
BRDA:77,4,0,0
BRDA:77,4,1,0
BRF:7
BRH:0
end_of_record
TN:
SF:src/workout/workout.module.ts
FNF:0
FNH:0
DA:13,0
DA:14,0
DA:15,0
DA:16,0
DA:17,0
DA:18,0
DA:19,0
DA:30,0
LF:8
LH:0
BRF:0
BRH:0
end_of_record
TN:
SF:src/workout/workout.service.ts
FN:23,(anonymous_4)
FN:33,(anonymous_5)
FN:56,(anonymous_6)
FN:73,(anonymous_7)
FN:84,(anonymous_8)
FN:97,(anonymous_9)
FN:117,(anonymous_10)
FN:130,(anonymous_11)
FN:141,(anonymous_12)
FN:157,(anonymous_13)
FN:169,(anonymous_14)
FN:181,(anonymous_15)
FN:194,(anonymous_16)
FN:204,(anonymous_17)
FN:205,(anonymous_18)
FN:206,(anonymous_19)
FN:223,(anonymous_20)
FNF:17
FNH:17
FNDA:20,(anonymous_4)
FNDA:1,(anonymous_5)
FNDA:1,(anonymous_6)
FNDA:1,(anonymous_7)
FNDA:1,(anonymous_8)
FNDA:4,(anonymous_9)
FNDA:1,(anonymous_10)
FNDA:1,(anonymous_11)
FNDA:14,(anonymous_12)
FNDA:14,(anonymous_13)
FNDA:34,(anonymous_14)
FNDA:13,(anonymous_15)
FNDA:130,(anonymous_16)
FNDA:112,(anonymous_17)
FNDA:336,(anonymous_18)
FNDA:560,(anonymous_19)
FNDA:28,(anonymous_20)
DA:1,1
DA:2,1
DA:3,1
DA:4,1
DA:22,1
DA:25,20
DA:34,1
DA:35,0
DA:37,1
DA:38,0
DA:40,1
DA:41,0
DA:43,1
DA:44,0
DA:46,1
DA:47,0
DA:57,1
DA:58,0
DA:60,1
DA:61,0
DA:63,1
DA:64,0
DA:74,1
DA:75,1
DA:76,1
DA:85,1
DA:98,4
DA:103,4
DA:104,1
DA:107,3
DA:118,1
DA:119,1
DA:121,1
DA:122,1
DA:131,1
DA:132,1
DA:142,14
DA:147,14
DA:148,1
DA:151,13
DA:152,13
DA:153,13
DA:154,13
DA:157,13
DA:158,14
DA:161,13
DA:163,2
DA:167,13
DA:168,26
DA:169,26
DA:170,34
DA:173,26
DA:174,13
DA:176,13
DA:181,13
DA:182,13
DA:185,13
DA:195,130
DA:196,130
DA:203,112
DA:204,112
DA:205,336
DA:206,560
DA:207,112
DA:210,18
DA:211,18
DA:212,18
DA:213,18
DA:225,28
DA:226,28
DA:227,28
DA:229,28
DA:230,28
DA:231,28
LF:74
LH:66
BRDA:34,0,0,0
BRDA:34,1,0,1
BRDA:34,1,1,1
BRDA:37,2,0,0
BRDA:40,3,0,0
BRDA:40,4,0,1
BRDA:40,4,1,0
BRDA:43,5,0,0
BRDA:43,6,0,1
BRDA:43,6,1,0
BRDA:46,7,0,0
BRDA:46,8,0,1
BRDA:46,8,1,1
BRDA:57,9,0,0
BRDA:57,10,0,1
BRDA:57,10,1,0
BRDA:60,11,0,0
BRDA:60,12,0,1
BRDA:60,12,1,0
BRDA:63,13,0,0
BRDA:63,14,0,1
BRDA:63,14,1,0
BRDA:103,15,0,1
BRDA:147,16,0,1
BRDA:151,17,0,13
BRDA:151,17,1,1
BRDA:158,18,0,14
BRDA:158,18,1,14
BRDA:161,19,0,2
BRDA:170,20,0,34
BRDA:170,20,1,34
BRDA:173,21,0,13
BRDA:173,21,1,13
BRDA:182,22,0,13
BRDA:182,22,1,0
BRDA:204,23,0,112
BRDA:204,23,1,0
BRDA:204,24,0,112
BRDA:204,24,1,112
BRDA:204,25,0,0
BRDA:204,25,1,112
BRDA:204,26,0,112
BRDA:204,26,1,112
BRDA:205,27,0,112
BRDA:205,27,1,0
BRDA:205,28,0,112
BRDA:205,28,1,112
BRDA:205,29,0,0
BRDA:205,29,1,112
BRDA:205,30,0,112
BRDA:205,30,1,112
BRDA:206,31,0,112
BRDA:206,31,1,0
BRDA:206,32,0,112
BRDA:206,32,1,112
BRDA:206,33,0,0
BRDA:206,33,1,112
BRDA:206,34,0,112
BRDA:206,34,1,112
BRF:59
BRH:39
end_of_record
TN:
SF:src/workout/dto/create-workout.dto.ts
FNF:0
FNH:0
DA:12,0
LF:1
LH:0
BRF:0
BRH:0
end_of_record
TN:
SF:src/workout/dto/update-workout.dto.ts
FNF:0
FNH:0
DA:12,0
LF:1
LH:0
BRF:0
BRH:0
end_of_record
